[ 2017-06-19T10:37:42+08:00 ] 221.192.179.69 /index.php/admin
INFO: [ app_init ] --START--
INFO: Run Behavior\BuildLiteBehavior [ RunTime:0.000010s ]
INFO: [ app_init ] --END-- [ RunTime:0.000198s ]
INFO: [ app_begin ] --START--
INFO: Run Behavior\ReadHtmlCacheBehavior [ RunTime:0.000247s ]
INFO: [ app_begin ] --END-- [ RunTime:0.000276s ]
INFO: [ view_parse ] --START--
INFO: [ template_filter ] --START--
INFO: Run Behavior\ContentReplaceBehavior [ RunTime:0.000028s ]
INFO: [ template_filter ] --END-- [ RunTime:0.000059s ]
INFO: Run Behavior\ParseTemplateBehavior [ RunTime:0.002818s ]
INFO: [ view_parse ] --END-- [ RunTime:0.002846s ]
INFO: [ view_filter ] --START--
INFO: Run Behavior\WriteHtmlCacheBehavior [ RunTime:0.000080s ]
INFO: [ view_filter ] --END-- [ RunTime:0.000101s ]

[ 2017-06-19T10:37:56+08:00 ] 221.192.179.69 /index.php/Admin/All/logHandle
INFO: [ app_init ] --START--
INFO: Run Behavior\BuildLiteBehavior [ RunTime:0.000013s ]
INFO: [ app_init ] --END-- [ RunTime:0.000303s ]
INFO: [ app_begin ] --START--
INFO: Run Behavior\ReadHtmlCacheBehavior [ RunTime:0.000405s ]
INFO: [ app_begin ] --END-- [ RunTime:0.000451s ]
SQL: SHOW COLUMNS FROM `sc_admin` [ RunTime:0.0005s ]
SQL: SELECT * FROM `sc_admin` WHERE `username` = 'admin' AND `password` = 'admin' LIMIT 1   [ RunTime:0.0002s ]
INFO: [ view_parse ] --START--
INFO: [ template_filter ] --START--
INFO: Run Behavior\ContentReplaceBehavior [ RunTime:0.000023s ]
INFO: [ template_filter ] --END-- [ RunTime:0.000051s ]
INFO: Run Behavior\ParseTemplateBehavior [ RunTime:0.003749s ]
INFO: [ view_parse ] --END-- [ RunTime:0.003792s ]
INFO: [ view_filter ] --START--
INFO: Run Behavior\WriteHtmlCacheBehavior [ RunTime:0.000078s ]
INFO: [ view_filter ] --END-- [ RunTime:0.000098s ]
INFO: [ app_end ] --START--
INFO: Run Behavior\ShowPageTraceBehavior [ RunTime:0.000254s ]
INFO: [ app_end ] --END-- [ RunTime:0.000278s ]

[ 2017-06-19T10:37:57+08:00 ] 221.192.179.69 /index.php/Admin/Index/index.html
INFO: [ app_init ] --START--
INFO: Run Behavior\BuildLiteBehavior [ RunTime:0.000009s ]
INFO: [ app_init ] --END-- [ RunTime:0.000208s ]
INFO: [ app_begin ] --START--
INFO: Run Behavior\ReadHtmlCacheBehavior [ RunTime:0.000247s ]
INFO: [ app_begin ] --END-- [ RunTime:0.000276s ]
SQL: SHOW COLUMNS FROM `sc_questions` [ RunTime:0.0008s ]
SQL: SELECT COUNT(*) AS tp_count FROM `sc_questions` WHERE `questions` = 1 LIMIT 1   [ RunTime:0.0018s ]
SQL: SELECT COUNT(*) AS tp_count FROM `sc_questions` WHERE `questions` = 2 LIMIT 1   [ RunTime:0.0016s ]
SQL: SELECT COUNT(*) AS tp_count FROM `sc_questions` WHERE `questions` = 3 LIMIT 1   [ RunTime:0.0015s ]
SQL: SELECT COUNT(*) AS tp_count FROM `sc_questions` WHERE `questions` = 4 LIMIT 1   [ RunTime:0.0016s ]
INFO: [ view_parse ] --START--
INFO: [ template_filter ] --START--
INFO: Run Behavior\ContentReplaceBehavior [ RunTime:0.000057s ]
INFO: [ template_filter ] --END-- [ RunTime:0.000087s ]
SQL: SHOW COLUMNS FROM `sc_options` [ RunTime:0.0003s ]
SQL: SELECT * FROM `sc_options` WHERE `option_name` = 'keywords' LIMIT 1   [ RunTime:0.0001s ]
SQL: SELECT * FROM `sc_options` WHERE `option_name` = 'description' LIMIT 1   [ RunTime:0.0001s ]
SQL: SELECT * FROM `sc_options` WHERE `option_name` = 'title' LIMIT 1   [ RunTime:0.0001s ]
NOTIC: [8] Use of undefined constant WEB_ROOT - assumed 'WEB_ROOT' /phpstudy/www/Application/Runtime/Cache/Admin/b595b808c2ebeeeb0478ffc30bb4e87a.php 第 155 行.
NOTIC: [8] Undefined index: PROCESSOR_IDENTIFIER /phpstudy/www/Application/Runtime/Cache/Admin/b595b808c2ebeeeb0478ffc30bb4e87a.php 第 183 行.
INFO: Run Behavior\ParseTemplateBehavior [ RunTime:0.008569s ]
INFO: [ view_parse ] --END-- [ RunTime:0.008596s ]
INFO: [ view_filter ] --START--
INFO: Run Behavior\WriteHtmlCacheBehavior [ RunTime:0.000088s ]
INFO: [ view_filter ] --END-- [ RunTime:0.000110s ]
INFO: [ app_end ] --START--
INFO: Run Behavior\ShowPageTraceBehavior [ RunTime:0.000255s ]
INFO: [ app_end ] --END-- [ RunTime:0.000282s ]

[ 2017-06-19T10:38:01+08:00 ] 221.192.179.69 /index.php/Admin/Member/getlist
INFO: [ app_init ] --START--
INFO: Run Behavior\BuildLiteBehavior [ RunTime:0.000010s ]
INFO: [ app_init ] --END-- [ RunTime:0.000208s ]
INFO: [ app_begin ] --START--
INFO: Run Behavior\ReadHtmlCacheBehavior [ RunTime:0.000246s ]
INFO: [ app_begin ] --END-- [ RunTime:0.000278s ]
SQL: SHOW COLUMNS FROM `sc_user` [ RunTime:0.0006s ]
SQL: SELECT * FROM `sc_user`  [ RunTime:0.0002s ]
SQL: SELECT COUNT(*) AS tp_count FROM `sc_user` LIMIT 1   [ RunTime:0.0001s ]
INFO: [ view_parse ] --START--
INFO: [ template_filter ] --START--
INFO: Run Behavior\ContentReplaceBehavior [ RunTime:0.000065s ]
INFO: [ template_filter ] --END-- [ RunTime:0.000099s ]
SQL: SHOW COLUMNS FROM `sc_options` [ RunTime:0.0003s ]
SQL: SELECT * FROM `sc_options` WHERE `option_name` = 'keywords' LIMIT 1   [ RunTime:0.0001s ]
SQL: SELECT * FROM `sc_options` WHERE `option_name` = 'description' LIMIT 1   [ RunTime:0.0001s ]
SQL: SELECT * FROM `sc_options` WHERE `option_name` = 'title' LIMIT 1   [ RunTime:0.0001s ]
SQL: SELECT * FROM `sc_options` WHERE `option_name` = 'title' LIMIT 1   [ RunTime:0.0001s ]
NOTIC: [8] Use of undefined constant beentime - assumed 'beentime' /phpstudy/www/Application/Runtime/Cache/Admin/abb8a9f4c100b6f22c5fe7889f53ef71.php 第 113 行.
NOTIC: [8] Use of undefined constant beentime - assumed 'beentime' /phpstudy/www/Application/Runtime/Cache/Admin/abb8a9f4c100b6f22c5fe7889f53ef71.php 第 113 行.
NOTIC: [8] Use of undefined constant beentime - assumed 'beentime' /phpstudy/www/Application/Runtime/Cache/Admin/abb8a9f4c100b6f22c5fe7889f53ef71.php 第 113 行.
NOTIC: [8] Use of undefined constant beentime - assumed 'beentime' /phpstudy/www/Application/Runtime/Cache/Admin/abb8a9f4c100b6f22c5fe7889f53ef71.php 第 113 行.
NOTIC: [8] Use of undefined constant beentime - assumed 'beentime' /phpstudy/www/Application/Runtime/Cache/Admin/abb8a9f4c100b6f22c5fe7889f53ef71.php 第 113 行.
NOTIC: [8] Use of undefined constant beentime - assumed 'beentime' /phpstudy/www/Application/Runtime/Cache/Admin/abb8a9f4c100b6f22c5fe7889f53ef71.php 第 113 行.
NOTIC: [8] Use of undefined constant beentime - assumed 'beentime' /phpstudy/www/Application/Runtime/Cache/Admin/abb8a9f4c100b6f22c5fe7889f53ef71.php 第 113 行.
NOTIC: [8] Use of undefined constant beentime - assumed 'beentime' /phpstudy/www/Application/Runtime/Cache/Admin/abb8a9f4c100b6f22c5fe7889f53ef71.php 第 113 行.
NOTIC: [8] Use of undefined constant beentime - assumed 'beentime' /phpstudy/www/Application/Runtime/Cache/Admin/abb8a9f4c100b6f22c5fe7889f53ef71.php 第 113 行.
NOTIC: [8] Use of undefined constant beentime - assumed 'beentime' /phpstudy/www/Application/Runtime/Cache/Admin/abb8a9f4c100b6f22c5fe7889f53ef71.php 第 113 行.
NOTIC: [8] Use of undefined constant beentime - assumed 'beentime' /phpstudy/www/Application/Runtime/Cache/Admin/abb8a9f4c100b6f22c5fe7889f53ef71.php 第 113 行.
NOTIC: [8] Use of undefined constant beentime - assumed 'beentime' /phpstudy/www/Application/Runtime/Cache/Admin/abb8a9f4c100b6f22c5fe7889f53ef71.php 第 113 行.
NOTIC: [8] Use of undefined constant beentime - assumed 'beentime' /phpstudy/www/Application/Runtime/Cache/Admin/abb8a9f4c100b6f22c5fe7889f53ef71.php 第 113 行.
NOTIC: [8] Use of undefined constant beentime - assumed 'beentime' /phpstudy/www/Application/Runtime/Cache/Admin/abb8a9f4c100b6f22c5fe7889f53ef71.php 第 113 行.
NOTIC: [8] Use of undefined constant beentime - assumed 'beentime' /phpstudy/www/Application/Runtime/Cache/Admin/abb8a9f4c100b6f22c5fe7889f53ef71.php 第 113 行.
NOTIC: [8] Use of undefined constant beentime - assumed 'beentime' /phpstudy/www/Application/Runtime/Cache/Admin/abb8a9f4c100b6f22c5fe7889f53ef71.php 第 113 行.
NOTIC: [8] Use of undefined constant beentime - assumed 'beentime' /phpstudy/www/Application/Runtime/Cache/Admin/abb8a9f4c100b6f22c5fe7889f53ef71.php 第 113 行.
NOTIC: [8] Use of undefined constant beentime - assumed 'beentime' /phpstudy/www/Application/Runtime/Cache/Admin/abb8a9f4c100b6f22c5fe7889f53ef71.php 第 113 行.
NOTIC: [8] Use of undefined constant beentime - assumed 'beentime' /phpstudy/www/Application/Runtime/Cache/Admin/abb8a9f4c100b6f22c5fe7889f53ef71.php 第 113 行.
NOTIC: [8] Undefined variable: page /phpstudy/www/Application/Runtime/Cache/Admin/abb8a9f4c100b6f22c5fe7889f53ef71.php 第 122 行.
INFO: Run Behavior\ParseTemplateBehavior [ RunTime:0.007578s ]
INFO: [ view_parse ] --END-- [ RunTime:0.007601s ]
INFO: [ view_filter ] --START--
INFO: Run Behavior\WriteHtmlCacheBehavior [ RunTime:0.000092s ]
INFO: [ view_filter ] --END-- [ RunTime:0.000113s ]
INFO: [ app_end ] --START--
INFO: Run Behavior\ShowPageTraceBehavior [ RunTime:0.000270s ]
INFO: [ app_end ] --END-- [ RunTime:0.000304s ]

[ 2017-06-19T10:38:03+08:00 ] 221.192.179.69 /index.php/Admin/Member/add
INFO: [ app_init ] --START--
INFO: Run Behavior\BuildLiteBehavior [ RunTime:0.000009s ]
INFO: [ app_init ] --END-- [ RunTime:0.000196s ]
INFO: [ app_begin ] --START--
INFO: Run Behavior\ReadHtmlCacheBehavior [ RunTime:0.000255s ]
INFO: [ app_begin ] --END-- [ RunTime:0.000283s ]
INFO: [ view_parse ] --START--
INFO: [ template_filter ] --START--
INFO: Run Behavior\ContentReplaceBehavior [ RunTime:0.000035s ]
INFO: [ template_filter ] --END-- [ RunTime:0.000064s ]
SQL: SHOW COLUMNS FROM `sc_options` [ RunTime:0.0005s ]
SQL: SELECT * FROM `sc_options` WHERE `option_name` = 'keywords' LIMIT 1   [ RunTime:0.0001s ]
SQL: SELECT * FROM `sc_options` WHERE `option_name` = 'description' LIMIT 1   [ RunTime:0.0001s ]
SQL: SELECT * FROM `sc_options` WHERE `option_name` = 'title' LIMIT 1   [ RunTime:0.0001s ]
INFO: Run Behavior\ParseTemplateBehavior [ RunTime:0.009415s ]
INFO: [ view_parse ] --END-- [ RunTime:0.009443s ]
INFO: [ view_filter ] --START--
INFO: Run Behavior\WriteHtmlCacheBehavior [ RunTime:0.000102s ]
INFO: [ view_filter ] --END-- [ RunTime:0.000124s ]
INFO: [ app_end ] --START--
INFO: Run Behavior\ShowPageTraceBehavior [ RunTime:0.000260s ]
INFO: [ app_end ] --END-- [ RunTime:0.000283s ]

[ 2017-06-19T10:39:09+08:00 ] 221.192.179.69 /index.php/Admin/Member/addHandle
INFO: [ app_init ] --START--
INFO: Run Behavior\BuildLiteBehavior [ RunTime:0.000009s ]
INFO: [ app_init ] --END-- [ RunTime:0.000202s ]
INFO: [ app_begin ] --START--
INFO: Run Behavior\ReadHtmlCacheBehavior [ RunTime:0.000249s ]
INFO: [ app_begin ] --END-- [ RunTime:0.000280s ]
SQL: SHOW COLUMNS FROM `sc_user` [ RunTime:0.0006s ]
SQL: INSERT INTO `sc_user` (`username`,`password`,`name`,`static`,`times`) VALUES ('15227023877','15227023877','翟景浩','36000','1497839949') [ RunTime:0.0002s ]
INFO: [ view_parse ] --START--
INFO: [ template_filter ] --START--
INFO: Run Behavior\ContentReplaceBehavior [ RunTime:0.000023s ]
INFO: [ template_filter ] --END-- [ RunTime:0.000051s ]
INFO: Run Behavior\ParseTemplateBehavior [ RunTime:0.002946s ]
INFO: [ view_parse ] --END-- [ RunTime:0.002975s ]
INFO: [ view_filter ] --START--
INFO: Run Behavior\WriteHtmlCacheBehavior [ RunTime:0.000081s ]
INFO: [ view_filter ] --END-- [ RunTime:0.000122s ]
INFO: [ app_end ] --START--
INFO: Run Behavior\ShowPageTraceBehavior [ RunTime:0.000257s ]
INFO: [ app_end ] --END-- [ RunTime:0.000284s ]

[ 2017-06-19T10:39:11+08:00 ] 221.192.179.69 /index.php/Admin/Member/getlist
INFO: [ app_init ] --START--
INFO: Run Behavior\BuildLiteBehavior [ RunTime:0.000009s ]
INFO: [ app_init ] --END-- [ RunTime:0.000196s ]
INFO: [ app_begin ] --START--
INFO: Run Behavior\ReadHtmlCacheBehavior [ RunTime:0.000260s ]
INFO: [ app_begin ] --END-- [ RunTime:0.000288s ]
SQL: SHOW COLUMNS FROM `sc_user` [ RunTime:0.0005s ]
SQL: SELECT * FROM `sc_user`  [ RunTime:0.0002s ]
SQL: SELECT COUNT(*) AS tp_count FROM `sc_user` LIMIT 1   [ RunTime:0.0001s ]
INFO: [ view_parse ] --START--
INFO: [ template_filter ] --START--
INFO: Run Behavior\ContentReplaceBehavior [ RunTime:0.000050s ]
INFO: [ template_filter ] --END-- [ RunTime:0.000080s ]
SQL: SHOW COLUMNS FROM `sc_options` [ RunTime:0.0003s ]
SQL: SELECT * FROM `sc_options` WHERE `option_name` = 'keywords' LIMIT 1   [ RunTime:0.0001s ]
SQL: SELECT * FROM `sc_options` WHERE `option_name` = 'description' LIMIT 1   [ RunTime:0.0001s ]
SQL: SELECT * FROM `sc_options` WHERE `option_name` = 'title' LIMIT 1   [ RunTime:0.0001s ]
SQL: SELECT * FROM `sc_options` WHERE `option_name` = 'title' LIMIT 1   [ RunTime:0.0001s ]
NOTIC: [8] Use of undefined constant beentime - assumed 'beentime' /phpstudy/www/Application/Runtime/Cache/Admin/abb8a9f4c100b6f22c5fe7889f53ef71.php 第 113 行.
NOTIC: [8] Use of undefined constant beentime - assumed 'beentime' /phpstudy/www/Application/Runtime/Cache/Admin/abb8a9f4c100b6f22c5fe7889f53ef71.php 第 113 行.
NOTIC: [8] Use of undefined constant beentime - assumed 'beentime' /phpstudy/www/Application/Runtime/Cache/Admin/abb8a9f4c100b6f22c5fe7889f53ef71.php 第 113 行.
NOTIC: [8] Use of undefined constant beentime - assumed 'beentime' /phpstudy/www/Application/Runtime/Cache/Admin/abb8a9f4c100b6f22c5fe7889f53ef71.php 第 113 行.
NOTIC: [8] Use of undefined constant beentime - assumed 'beentime' /phpstudy/www/Application/Runtime/Cache/Admin/abb8a9f4c100b6f22c5fe7889f53ef71.php 第 113 行.
NOTIC: [8] Use of undefined constant beentime - assumed 'beentime' /phpstudy/www/Application/Runtime/Cache/Admin/abb8a9f4c100b6f22c5fe7889f53ef71.php 第 113 行.
NOTIC: [8] Use of undefined constant beentime - assumed 'beentime' /phpstudy/www/Application/Runtime/Cache/Admin/abb8a9f4c100b6f22c5fe7889f53ef71.php 第 113 行.
NOTIC: [8] Use of undefined constant beentime - assumed 'beentime' /phpstudy/www/Application/Runtime/Cache/Admin/abb8a9f4c100b6f22c5fe7889f53ef71.php 第 113 行.
NOTIC: [8] Use of undefined constant beentime - assumed 'beentime' /phpstudy/www/Application/Runtime/Cache/Admin/abb8a9f4c100b6f22c5fe7889f53ef71.php 第 113 行.
NOTIC: [8] Use of undefined constant beentime - assumed 'beentime' /phpstudy/www/Application/Runtime/Cache/Admin/abb8a9f4c100b6f22c5fe7889f53ef71.php 第 113 行.
NOTIC: [8] Use of undefined constant beentime - assumed 'beentime' /phpstudy/www/Application/Runtime/Cache/Admin/abb8a9f4c100b6f22c5fe7889f53ef71.php 第 113 行.
NOTIC: [8] Use of undefined constant beentime - assumed 'beentime' /phpstudy/www/Application/Runtime/Cache/Admin/abb8a9f4c100b6f22c5fe7889f53ef71.php 第 113 行.
NOTIC: [8] Use of undefined constant beentime - assumed 'beentime' /phpstudy/www/Application/Runtime/Cache/Admin/abb8a9f4c100b6f22c5fe7889f53ef71.php 第 113 行.
NOTIC: [8] Use of undefined constant beentime - assumed 'beentime' /phpstudy/www/Application/Runtime/Cache/Admin/abb8a9f4c100b6f22c5fe7889f53ef71.php 第 113 行.
NOTIC: [8] Use of undefined constant beentime - assumed 'beentime' /phpstudy/www/Application/Runtime/Cache/Admin/abb8a9f4c100b6f22c5fe7889f53ef71.php 第 113 行.
NOTIC: [8] Use of undefined constant beentime - assumed 'beentime' /phpstudy/www/Application/Runtime/Cache/Admin/abb8a9f4c100b6f22c5fe7889f53ef71.php 第 113 行.
NOTIC: [8] Use of undefined constant beentime - assumed 'beentime' /phpstudy/www/Application/Runtime/Cache/Admin/abb8a9f4c100b6f22c5fe7889f53ef71.php 第 113 行.
NOTIC: [8] Use of undefined constant beentime - assumed 'beentime' /phpstudy/www/Application/Runtime/Cache/Admin/abb8a9f4c100b6f22c5fe7889f53ef71.php 第 113 行.
NOTIC: [8] Use of undefined constant beentime - assumed 'beentime' /phpstudy/www/Application/Runtime/Cache/Admin/abb8a9f4c100b6f22c5fe7889f53ef71.php 第 113 行.
NOTIC: [8] Use of undefined constant beentime - assumed 'beentime' /phpstudy/www/Application/Runtime/Cache/Admin/abb8a9f4c100b6f22c5fe7889f53ef71.php 第 113 行.
NOTIC: [8] Undefined variable: page /phpstudy/www/Application/Runtime/Cache/Admin/abb8a9f4c100b6f22c5fe7889f53ef71.php 第 122 行.
INFO: Run Behavior\ParseTemplateBehavior [ RunTime:0.007366s ]
INFO: [ view_parse ] --END-- [ RunTime:0.007390s ]
INFO: [ view_filter ] --START--
INFO: Run Behavior\WriteHtmlCacheBehavior [ RunTime:0.000101s ]
INFO: [ view_filter ] --END-- [ RunTime:0.000123s ]
INFO: [ app_end ] --START--
INFO: Run Behavior\ShowPageTraceBehavior [ RunTime:0.000266s ]
INFO: [ app_end ] --END-- [ RunTime:0.000294s ]

