[ 2017-06-11T09:35:56+08:00 ] 221.192.179.16 /index.php/admin
INFO: [ app_init ] --START--
INFO: Run Behavior\BuildLiteBehavior [ RunTime:0.000012s ]
INFO: [ app_init ] --END-- [ RunTime:0.000204s ]
INFO: [ app_begin ] --START--
INFO: Run Behavior\ReadHtmlCacheBehavior [ RunTime:0.000250s ]
INFO: [ app_begin ] --END-- [ RunTime:0.000279s ]
INFO: [ view_parse ] --START--
INFO: [ template_filter ] --START--
INFO: Run Behavior\ContentReplaceBehavior [ RunTime:0.000027s ]
INFO: [ template_filter ] --END-- [ RunTime:0.000057s ]
INFO: Run Behavior\ParseTemplateBehavior [ RunTime:0.002816s ]
INFO: [ view_parse ] --END-- [ RunTime:0.002844s ]
INFO: [ view_filter ] --START--
INFO: Run Behavior\WriteHtmlCacheBehavior [ RunTime:0.000082s ]
INFO: [ view_filter ] --END-- [ RunTime:0.000102s ]

[ 2017-06-11T09:36:19+08:00 ] 221.192.179.16 /index.php/Admin/All/logHandle
INFO: [ app_init ] --START--
INFO: Run Behavior\BuildLiteBehavior [ RunTime:0.000010s ]
INFO: [ app_init ] --END-- [ RunTime:0.000217s ]
INFO: [ app_begin ] --START--
INFO: Run Behavior\ReadHtmlCacheBehavior [ RunTime:0.000292s ]
INFO: [ app_begin ] --END-- [ RunTime:0.000338s ]
SQL: SHOW COLUMNS FROM `sc_admin` [ RunTime:0.0005s ]
SQL: SELECT * FROM `sc_admin` WHERE `username` = 'admin' AND `password` = 'admin' LIMIT 1   [ RunTime:0.0002s ]
INFO: [ view_parse ] --START--
INFO: [ template_filter ] --START--
INFO: Run Behavior\ContentReplaceBehavior [ RunTime:0.000030s ]
INFO: [ template_filter ] --END-- [ RunTime:0.000064s ]
INFO: Run Behavior\ParseTemplateBehavior [ RunTime:0.003178s ]
INFO: [ view_parse ] --END-- [ RunTime:0.003210s ]
INFO: [ view_filter ] --START--
INFO: Run Behavior\WriteHtmlCacheBehavior [ RunTime:0.000101s ]
INFO: [ view_filter ] --END-- [ RunTime:0.000122s ]
INFO: [ app_end ] --START--
INFO: Run Behavior\ShowPageTraceBehavior [ RunTime:0.000292s ]
INFO: [ app_end ] --END-- [ RunTime:0.000320s ]

[ 2017-06-11T09:36:20+08:00 ] 221.192.179.16 /index.php/Admin/Index/index.html
INFO: [ app_init ] --START--
INFO: Run Behavior\BuildLiteBehavior [ RunTime:0.000009s ]
INFO: [ app_init ] --END-- [ RunTime:0.000189s ]
INFO: [ app_begin ] --START--
INFO: Run Behavior\ReadHtmlCacheBehavior [ RunTime:0.000276s ]
INFO: [ app_begin ] --END-- [ RunTime:0.000304s ]
SQL: SHOW COLUMNS FROM `sc_questions` [ RunTime:0.0005s ]
SQL: SELECT COUNT(*) AS tp_count FROM `sc_questions` WHERE `questions` = 1 LIMIT 1   [ RunTime:0.0012s ]
SQL: SELECT COUNT(*) AS tp_count FROM `sc_questions` WHERE `questions` = 2 LIMIT 1   [ RunTime:0.0010s ]
SQL: SELECT COUNT(*) AS tp_count FROM `sc_questions` WHERE `questions` = 3 LIMIT 1   [ RunTime:0.0010s ]
SQL: SELECT COUNT(*) AS tp_count FROM `sc_questions` WHERE `questions` = 4 LIMIT 1   [ RunTime:0.0010s ]
INFO: [ view_parse ] --START--
INFO: [ template_filter ] --START--
INFO: Run Behavior\ContentReplaceBehavior [ RunTime:0.000064s ]
INFO: [ template_filter ] --END-- [ RunTime:0.000093s ]
SQL: SHOW COLUMNS FROM `sc_options` [ RunTime:0.0003s ]
SQL: SELECT * FROM `sc_options` WHERE `option_name` = 'keywords' LIMIT 1   [ RunTime:0.0001s ]
SQL: SELECT * FROM `sc_options` WHERE `option_name` = 'description' LIMIT 1   [ RunTime:0.0001s ]
SQL: SELECT * FROM `sc_options` WHERE `option_name` = 'title' LIMIT 1   [ RunTime:0.0001s ]
NOTIC: [8] Use of undefined constant WEB_ROOT - assumed 'WEB_ROOT' /phpstudy/www/Application/Runtime/Cache/Admin/b595b808c2ebeeeb0478ffc30bb4e87a.php 第 155 行.
NOTIC: [8] Undefined index: PROCESSOR_IDENTIFIER /phpstudy/www/Application/Runtime/Cache/Admin/b595b808c2ebeeeb0478ffc30bb4e87a.php 第 183 行.
INFO: Run Behavior\ParseTemplateBehavior [ RunTime:0.006515s ]
INFO: [ view_parse ] --END-- [ RunTime:0.006539s ]
INFO: [ view_filter ] --START--
INFO: Run Behavior\WriteHtmlCacheBehavior [ RunTime:0.000092s ]
INFO: [ view_filter ] --END-- [ RunTime:0.000113s ]
INFO: [ app_end ] --START--
INFO: Run Behavior\ShowPageTraceBehavior [ RunTime:0.000267s ]
INFO: [ app_end ] --END-- [ RunTime:0.000300s ]

[ 2017-06-11T09:36:26+08:00 ] 221.192.179.16 /index.php/Admin/Member/getlist
INFO: [ app_init ] --START--
INFO: Run Behavior\BuildLiteBehavior [ RunTime:0.000011s ]
INFO: [ app_init ] --END-- [ RunTime:0.000229s ]
INFO: [ app_begin ] --START--
INFO: Run Behavior\ReadHtmlCacheBehavior [ RunTime:0.000294s ]
INFO: [ app_begin ] --END-- [ RunTime:0.000329s ]
SQL: SHOW COLUMNS FROM `sc_user` [ RunTime:0.0006s ]
SQL: SELECT * FROM `sc_user`  [ RunTime:0.0002s ]
SQL: SELECT COUNT(*) AS tp_count FROM `sc_user` LIMIT 1   [ RunTime:0.0001s ]
INFO: [ view_parse ] --START--
INFO: [ template_filter ] --START--
INFO: Run Behavior\ContentReplaceBehavior [ RunTime:0.000054s ]
INFO: [ template_filter ] --END-- [ RunTime:0.000099s ]
SQL: SHOW COLUMNS FROM `sc_options` [ RunTime:0.0004s ]
SQL: SELECT * FROM `sc_options` WHERE `option_name` = 'keywords' LIMIT 1   [ RunTime:0.0001s ]
SQL: SELECT * FROM `sc_options` WHERE `option_name` = 'description' LIMIT 1   [ RunTime:0.0001s ]
SQL: SELECT * FROM `sc_options` WHERE `option_name` = 'title' LIMIT 1   [ RunTime:0.0001s ]
SQL: SELECT * FROM `sc_options` WHERE `option_name` = 'title' LIMIT 1   [ RunTime:0.0001s ]
NOTIC: [8] Use of undefined constant beentime - assumed 'beentime' /phpstudy/www/Application/Runtime/Cache/Admin/abb8a9f4c100b6f22c5fe7889f53ef71.php 第 113 行.
NOTIC: [8] Use of undefined constant beentime - assumed 'beentime' /phpstudy/www/Application/Runtime/Cache/Admin/abb8a9f4c100b6f22c5fe7889f53ef71.php 第 113 行.
NOTIC: [8] Use of undefined constant beentime - assumed 'beentime' /phpstudy/www/Application/Runtime/Cache/Admin/abb8a9f4c100b6f22c5fe7889f53ef71.php 第 113 行.
NOTIC: [8] Use of undefined constant beentime - assumed 'beentime' /phpstudy/www/Application/Runtime/Cache/Admin/abb8a9f4c100b6f22c5fe7889f53ef71.php 第 113 行.
NOTIC: [8] Use of undefined constant beentime - assumed 'beentime' /phpstudy/www/Application/Runtime/Cache/Admin/abb8a9f4c100b6f22c5fe7889f53ef71.php 第 113 行.
NOTIC: [8] Use of undefined constant beentime - assumed 'beentime' /phpstudy/www/Application/Runtime/Cache/Admin/abb8a9f4c100b6f22c5fe7889f53ef71.php 第 113 行.
NOTIC: [8] Use of undefined constant beentime - assumed 'beentime' /phpstudy/www/Application/Runtime/Cache/Admin/abb8a9f4c100b6f22c5fe7889f53ef71.php 第 113 行.
NOTIC: [8] Use of undefined constant beentime - assumed 'beentime' /phpstudy/www/Application/Runtime/Cache/Admin/abb8a9f4c100b6f22c5fe7889f53ef71.php 第 113 行.
NOTIC: [8] Use of undefined constant beentime - assumed 'beentime' /phpstudy/www/Application/Runtime/Cache/Admin/abb8a9f4c100b6f22c5fe7889f53ef71.php 第 113 行.
NOTIC: [8] Use of undefined constant beentime - assumed 'beentime' /phpstudy/www/Application/Runtime/Cache/Admin/abb8a9f4c100b6f22c5fe7889f53ef71.php 第 113 行.
NOTIC: [8] Use of undefined constant beentime - assumed 'beentime' /phpstudy/www/Application/Runtime/Cache/Admin/abb8a9f4c100b6f22c5fe7889f53ef71.php 第 113 行.
NOTIC: [8] Use of undefined constant beentime - assumed 'beentime' /phpstudy/www/Application/Runtime/Cache/Admin/abb8a9f4c100b6f22c5fe7889f53ef71.php 第 113 行.
NOTIC: [8] Use of undefined constant beentime - assumed 'beentime' /phpstudy/www/Application/Runtime/Cache/Admin/abb8a9f4c100b6f22c5fe7889f53ef71.php 第 113 行.
NOTIC: [8] Use of undefined constant beentime - assumed 'beentime' /phpstudy/www/Application/Runtime/Cache/Admin/abb8a9f4c100b6f22c5fe7889f53ef71.php 第 113 行.
NOTIC: [8] Use of undefined constant beentime - assumed 'beentime' /phpstudy/www/Application/Runtime/Cache/Admin/abb8a9f4c100b6f22c5fe7889f53ef71.php 第 113 行.
NOTIC: [8] Use of undefined constant beentime - assumed 'beentime' /phpstudy/www/Application/Runtime/Cache/Admin/abb8a9f4c100b6f22c5fe7889f53ef71.php 第 113 行.
NOTIC: [8] Use of undefined constant beentime - assumed 'beentime' /phpstudy/www/Application/Runtime/Cache/Admin/abb8a9f4c100b6f22c5fe7889f53ef71.php 第 113 行.
NOTIC: [8] Use of undefined constant beentime - assumed 'beentime' /phpstudy/www/Application/Runtime/Cache/Admin/abb8a9f4c100b6f22c5fe7889f53ef71.php 第 113 行.
NOTIC: [8] Undefined variable: page /phpstudy/www/Application/Runtime/Cache/Admin/abb8a9f4c100b6f22c5fe7889f53ef71.php 第 122 行.
INFO: Run Behavior\ParseTemplateBehavior [ RunTime:0.008047s ]
INFO: [ view_parse ] --END-- [ RunTime:0.008073s ]
INFO: [ view_filter ] --START--
INFO: Run Behavior\WriteHtmlCacheBehavior [ RunTime:0.000099s ]
INFO: [ view_filter ] --END-- [ RunTime:0.000123s ]
INFO: [ app_end ] --START--
INFO: Run Behavior\ShowPageTraceBehavior [ RunTime:0.000291s ]
INFO: [ app_end ] --END-- [ RunTime:0.000321s ]

[ 2017-06-11T09:36:33+08:00 ] 221.192.179.16 /index.php/Admin/Member/del?id=63
INFO: [ app_init ] --START--
INFO: Run Behavior\BuildLiteBehavior [ RunTime:0.000010s ]
INFO: [ app_init ] --END-- [ RunTime:0.000215s ]
INFO: [ app_begin ] --START--
INFO: Run Behavior\ReadHtmlCacheBehavior [ RunTime:0.000260s ]
INFO: [ app_begin ] --END-- [ RunTime:0.000291s ]
SQL: SHOW COLUMNS FROM `sc_user` [ RunTime:0.0005s ]
SQL: DELETE FROM `sc_user` WHERE `id` = 63 [ RunTime:0.0002s ]

[ 2017-06-11T09:36:36+08:00 ] 101.226.99.196 /index.php/Admin/Member/getlist
INFO: [ app_init ] --START--
INFO: Run Behavior\BuildLiteBehavior [ RunTime:0.000010s ]
INFO: [ app_init ] --END-- [ RunTime:0.000218s ]
INFO: [ app_begin ] --START--
INFO: Run Behavior\ReadHtmlCacheBehavior [ RunTime:0.000249s ]
INFO: [ app_begin ] --END-- [ RunTime:0.000278s ]
INFO: [ view_parse ] --START--
INFO: [ template_filter ] --START--
INFO: Run Behavior\ContentReplaceBehavior [ RunTime:0.000027s ]
INFO: [ template_filter ] --END-- [ RunTime:0.000057s ]
INFO: Run Behavior\ParseTemplateBehavior [ RunTime:0.002816s ]
INFO: [ view_parse ] --END-- [ RunTime:0.002847s ]
INFO: [ view_filter ] --START--
INFO: Run Behavior\WriteHtmlCacheBehavior [ RunTime:0.000079s ]
INFO: [ view_filter ] --END-- [ RunTime:0.000098s ]

[ 2017-06-11T09:36:38+08:00 ] 221.192.179.16 /index.php/Admin/Member/del?id=62
INFO: [ app_init ] --START--
INFO: Run Behavior\BuildLiteBehavior [ RunTime:0.000009s ]
INFO: [ app_init ] --END-- [ RunTime:0.000229s ]
INFO: [ app_begin ] --START--
INFO: Run Behavior\ReadHtmlCacheBehavior [ RunTime:0.000261s ]
INFO: [ app_begin ] --END-- [ RunTime:0.000290s ]
SQL: SHOW COLUMNS FROM `sc_user` [ RunTime:0.0006s ]
SQL: DELETE FROM `sc_user` WHERE `id` = 62 [ RunTime:0.0002s ]

[ 2017-06-11T09:36:40+08:00 ] 221.192.179.16 /index.php/Admin/Member/add
INFO: [ app_init ] --START--
INFO: Run Behavior\BuildLiteBehavior [ RunTime:0.000010s ]
INFO: [ app_init ] --END-- [ RunTime:0.000207s ]
INFO: [ app_begin ] --START--
INFO: Run Behavior\ReadHtmlCacheBehavior [ RunTime:0.000255s ]
INFO: [ app_begin ] --END-- [ RunTime:0.000288s ]
INFO: [ view_parse ] --START--
INFO: [ template_filter ] --START--
INFO: Run Behavior\ContentReplaceBehavior [ RunTime:0.000044s ]
INFO: [ template_filter ] --END-- [ RunTime:0.000077s ]
SQL: SHOW COLUMNS FROM `sc_options` [ RunTime:0.0005s ]
SQL: SELECT * FROM `sc_options` WHERE `option_name` = 'keywords' LIMIT 1   [ RunTime:0.0001s ]
SQL: SELECT * FROM `sc_options` WHERE `option_name` = 'description' LIMIT 1   [ RunTime:0.0001s ]
SQL: SELECT * FROM `sc_options` WHERE `option_name` = 'title' LIMIT 1   [ RunTime:0.0001s ]
INFO: Run Behavior\ParseTemplateBehavior [ RunTime:0.010771s ]
INFO: [ view_parse ] --END-- [ RunTime:0.010806s ]
INFO: [ view_filter ] --START--
INFO: Run Behavior\WriteHtmlCacheBehavior [ RunTime:0.000102s ]
INFO: [ view_filter ] --END-- [ RunTime:0.000128s ]
INFO: [ app_end ] --START--
INFO: Run Behavior\ShowPageTraceBehavior [ RunTime:0.000281s ]
INFO: [ app_end ] --END-- [ RunTime:0.000307s ]

[ 2017-06-11T09:37:20+08:00 ] 221.192.179.16 /index.php/Admin/Member/addHandle
INFO: [ app_init ] --START--
INFO: Run Behavior\BuildLiteBehavior [ RunTime:0.000009s ]
INFO: [ app_init ] --END-- [ RunTime:0.000200s ]
INFO: [ app_begin ] --START--
INFO: Run Behavior\ReadHtmlCacheBehavior [ RunTime:0.000250s ]
INFO: [ app_begin ] --END-- [ RunTime:0.000281s ]
SQL: SHOW COLUMNS FROM `sc_user` [ RunTime:0.0006s ]
SQL: INSERT INTO `sc_user` (`username`,`password`,`name`,`times`) VALUES ('123','123','张三','1497145040') [ RunTime:0.0002s ]
INFO: [ view_parse ] --START--
INFO: [ template_filter ] --START--
INFO: Run Behavior\ContentReplaceBehavior [ RunTime:0.000022s ]
INFO: [ template_filter ] --END-- [ RunTime:0.000053s ]
INFO: Run Behavior\ParseTemplateBehavior [ RunTime:0.003037s ]
INFO: [ view_parse ] --END-- [ RunTime:0.003068s ]
INFO: [ view_filter ] --START--
INFO: Run Behavior\WriteHtmlCacheBehavior [ RunTime:0.000082s ]
INFO: [ view_filter ] --END-- [ RunTime:0.000102s ]
INFO: [ app_end ] --START--
INFO: Run Behavior\ShowPageTraceBehavior [ RunTime:0.000272s ]
INFO: [ app_end ] --END-- [ RunTime:0.000300s ]

[ 2017-06-11T09:37:21+08:00 ] 221.192.179.16 /index.php/Admin/Member/getlist
INFO: [ app_init ] --START--
INFO: Run Behavior\BuildLiteBehavior [ RunTime:0.000012s ]
INFO: [ app_init ] --END-- [ RunTime:0.000242s ]
INFO: [ app_begin ] --START--
INFO: Run Behavior\ReadHtmlCacheBehavior [ RunTime:0.000248s ]
INFO: [ app_begin ] --END-- [ RunTime:0.000277s ]
SQL: SHOW COLUMNS FROM `sc_user` [ RunTime:0.0006s ]
SQL: SELECT * FROM `sc_user`  [ RunTime:0.0002s ]
SQL: SELECT COUNT(*) AS tp_count FROM `sc_user` LIMIT 1   [ RunTime:0.0001s ]
INFO: [ view_parse ] --START--
INFO: [ template_filter ] --START--
INFO: Run Behavior\ContentReplaceBehavior [ RunTime:0.000086s ]
INFO: [ template_filter ] --END-- [ RunTime:0.000127s ]
SQL: SHOW COLUMNS FROM `sc_options` [ RunTime:0.0004s ]
SQL: SELECT * FROM `sc_options` WHERE `option_name` = 'keywords' LIMIT 1   [ RunTime:0.0001s ]
SQL: SELECT * FROM `sc_options` WHERE `option_name` = 'description' LIMIT 1   [ RunTime:0.0001s ]
SQL: SELECT * FROM `sc_options` WHERE `option_name` = 'title' LIMIT 1   [ RunTime:0.0001s ]
SQL: SELECT * FROM `sc_options` WHERE `option_name` = 'title' LIMIT 1   [ RunTime:0.0001s ]
NOTIC: [8] Use of undefined constant beentime - assumed 'beentime' /phpstudy/www/Application/Runtime/Cache/Admin/abb8a9f4c100b6f22c5fe7889f53ef71.php 第 113 行.
NOTIC: [8] Use of undefined constant beentime - assumed 'beentime' /phpstudy/www/Application/Runtime/Cache/Admin/abb8a9f4c100b6f22c5fe7889f53ef71.php 第 113 行.
NOTIC: [8] Use of undefined constant beentime - assumed 'beentime' /phpstudy/www/Application/Runtime/Cache/Admin/abb8a9f4c100b6f22c5fe7889f53ef71.php 第 113 行.
NOTIC: [8] Use of undefined constant beentime - assumed 'beentime' /phpstudy/www/Application/Runtime/Cache/Admin/abb8a9f4c100b6f22c5fe7889f53ef71.php 第 113 行.
NOTIC: [8] Use of undefined constant beentime - assumed 'beentime' /phpstudy/www/Application/Runtime/Cache/Admin/abb8a9f4c100b6f22c5fe7889f53ef71.php 第 113 行.
NOTIC: [8] Use of undefined constant beentime - assumed 'beentime' /phpstudy/www/Application/Runtime/Cache/Admin/abb8a9f4c100b6f22c5fe7889f53ef71.php 第 113 行.
NOTIC: [8] Use of undefined constant beentime - assumed 'beentime' /phpstudy/www/Application/Runtime/Cache/Admin/abb8a9f4c100b6f22c5fe7889f53ef71.php 第 113 行.
NOTIC: [8] Use of undefined constant beentime - assumed 'beentime' /phpstudy/www/Application/Runtime/Cache/Admin/abb8a9f4c100b6f22c5fe7889f53ef71.php 第 113 行.
NOTIC: [8] Use of undefined constant beentime - assumed 'beentime' /phpstudy/www/Application/Runtime/Cache/Admin/abb8a9f4c100b6f22c5fe7889f53ef71.php 第 113 行.
NOTIC: [8] Use of undefined constant beentime - assumed 'beentime' /phpstudy/www/Application/Runtime/Cache/Admin/abb8a9f4c100b6f22c5fe7889f53ef71.php 第 113 行.
NOTIC: [8] Use of undefined constant beentime - assumed 'beentime' /phpstudy/www/Application/Runtime/Cache/Admin/abb8a9f4c100b6f22c5fe7889f53ef71.php 第 113 行.
NOTIC: [8] Use of undefined constant beentime - assumed 'beentime' /phpstudy/www/Application/Runtime/Cache/Admin/abb8a9f4c100b6f22c5fe7889f53ef71.php 第 113 行.
NOTIC: [8] Use of undefined constant beentime - assumed 'beentime' /phpstudy/www/Application/Runtime/Cache/Admin/abb8a9f4c100b6f22c5fe7889f53ef71.php 第 113 行.
NOTIC: [8] Use of undefined constant beentime - assumed 'beentime' /phpstudy/www/Application/Runtime/Cache/Admin/abb8a9f4c100b6f22c5fe7889f53ef71.php 第 113 行.
NOTIC: [8] Use of undefined constant beentime - assumed 'beentime' /phpstudy/www/Application/Runtime/Cache/Admin/abb8a9f4c100b6f22c5fe7889f53ef71.php 第 113 行.
NOTIC: [8] Use of undefined constant beentime - assumed 'beentime' /phpstudy/www/Application/Runtime/Cache/Admin/abb8a9f4c100b6f22c5fe7889f53ef71.php 第 113 行.
NOTIC: [8] Undefined variable: page /phpstudy/www/Application/Runtime/Cache/Admin/abb8a9f4c100b6f22c5fe7889f53ef71.php 第 122 行.
INFO: Run Behavior\ParseTemplateBehavior [ RunTime:0.007663s ]
INFO: [ view_parse ] --END-- [ RunTime:0.007697s ]
INFO: [ view_filter ] --START--
INFO: Run Behavior\WriteHtmlCacheBehavior [ RunTime:0.000094s ]
INFO: [ view_filter ] --END-- [ RunTime:0.000115s ]
INFO: [ app_end ] --START--
INFO: Run Behavior\ShowPageTraceBehavior [ RunTime:0.000266s ]
INFO: [ app_end ] --END-- [ RunTime:0.000299s ]

[ 2017-06-11T09:37:23+08:00 ] 221.192.179.16 /index.php/Admin/Member/add
INFO: [ app_init ] --START--
INFO: Run Behavior\BuildLiteBehavior [ RunTime:0.000010s ]
INFO: [ app_init ] --END-- [ RunTime:0.000200s ]
INFO: [ app_begin ] --START--
INFO: Run Behavior\ReadHtmlCacheBehavior [ RunTime:0.000256s ]
INFO: [ app_begin ] --END-- [ RunTime:0.000285s ]
INFO: [ view_parse ] --START--
INFO: [ template_filter ] --START--
INFO: Run Behavior\ContentReplaceBehavior [ RunTime:0.000037s ]
INFO: [ template_filter ] --END-- [ RunTime:0.000067s ]
SQL: SHOW COLUMNS FROM `sc_options` [ RunTime:0.0005s ]
SQL: SELECT * FROM `sc_options` WHERE `option_name` = 'keywords' LIMIT 1   [ RunTime:0.0001s ]
SQL: SELECT * FROM `sc_options` WHERE `option_name` = 'description' LIMIT 1   [ RunTime:0.0001s ]
SQL: SELECT * FROM `sc_options` WHERE `option_name` = 'title' LIMIT 1   [ RunTime:0.0001s ]
INFO: Run Behavior\ParseTemplateBehavior [ RunTime:0.009471s ]
INFO: [ view_parse ] --END-- [ RunTime:0.009498s ]
INFO: [ view_filter ] --START--
INFO: Run Behavior\WriteHtmlCacheBehavior [ RunTime:0.000096s ]
INFO: [ view_filter ] --END-- [ RunTime:0.000118s ]
INFO: [ app_end ] --START--
INFO: Run Behavior\ShowPageTraceBehavior [ RunTime:0.000268s ]
INFO: [ app_end ] --END-- [ RunTime:0.000293s ]

[ 2017-06-11T09:37:30+08:00 ] 61.151.226.189 /index.php/Admin/Member/addHandle
INFO: [ app_init ] --START--
INFO: Run Behavior\BuildLiteBehavior [ RunTime:0.000009s ]
INFO: [ app_init ] --END-- [ RunTime:0.000200s ]
INFO: [ app_begin ] --START--
INFO: Run Behavior\ReadHtmlCacheBehavior [ RunTime:0.000251s ]
INFO: [ app_begin ] --END-- [ RunTime:0.000286s ]
INFO: [ view_parse ] --START--
INFO: [ template_filter ] --START--
INFO: Run Behavior\ContentReplaceBehavior [ RunTime:0.000027s ]
INFO: [ template_filter ] --END-- [ RunTime:0.000058s ]
INFO: Run Behavior\ParseTemplateBehavior [ RunTime:0.003006s ]
INFO: [ view_parse ] --END-- [ RunTime:0.003035s ]
INFO: [ view_filter ] --START--
INFO: Run Behavior\WriteHtmlCacheBehavior [ RunTime:0.000082s ]
INFO: [ view_filter ] --END-- [ RunTime:0.000102s ]

[ 2017-06-11T09:37:39+08:00 ] 221.192.179.16 /index.php/Admin/Member/addHandle
INFO: [ app_init ] --START--
INFO: Run Behavior\BuildLiteBehavior [ RunTime:0.000010s ]
INFO: [ app_init ] --END-- [ RunTime:0.000212s ]
INFO: [ app_begin ] --START--
INFO: Run Behavior\ReadHtmlCacheBehavior [ RunTime:0.000246s ]
INFO: [ app_begin ] --END-- [ RunTime:0.000277s ]
SQL: SHOW COLUMNS FROM `sc_user` [ RunTime:0.0005s ]
SQL: INSERT INTO `sc_user` (`username`,`password`,`name`,`times`) VALUES ('456','456','李四','1497145059') [ RunTime:0.0002s ]
INFO: [ view_parse ] --START--
INFO: [ template_filter ] --START--
INFO: Run Behavior\ContentReplaceBehavior [ RunTime:0.000024s ]
INFO: [ template_filter ] --END-- [ RunTime:0.000052s ]
INFO: Run Behavior\ParseTemplateBehavior [ RunTime:0.002939s ]
INFO: [ view_parse ] --END-- [ RunTime:0.002967s ]
INFO: [ view_filter ] --START--
INFO: Run Behavior\WriteHtmlCacheBehavior [ RunTime:0.000077s ]
INFO: [ view_filter ] --END-- [ RunTime:0.000098s ]
INFO: [ app_end ] --START--
INFO: Run Behavior\ShowPageTraceBehavior [ RunTime:0.000261s ]
INFO: [ app_end ] --END-- [ RunTime:0.000285s ]

[ 2017-06-11T09:37:40+08:00 ] 221.192.179.16 /index.php/Admin/Member/getlist
INFO: [ app_init ] --START--
INFO: Run Behavior\BuildLiteBehavior [ RunTime:0.000010s ]
INFO: [ app_init ] --END-- [ RunTime:0.000209s ]
INFO: [ app_begin ] --START--
INFO: Run Behavior\ReadHtmlCacheBehavior [ RunTime:0.000250s ]
INFO: [ app_begin ] --END-- [ RunTime:0.000279s ]
SQL: SHOW COLUMNS FROM `sc_user` [ RunTime:0.0005s ]
SQL: SELECT * FROM `sc_user`  [ RunTime:0.0002s ]
SQL: SELECT COUNT(*) AS tp_count FROM `sc_user` LIMIT 1   [ RunTime:0.0001s ]
INFO: [ view_parse ] --START--
INFO: [ template_filter ] --START--
INFO: Run Behavior\ContentReplaceBehavior [ RunTime:0.000073s ]
INFO: [ template_filter ] --END-- [ RunTime:0.000103s ]
SQL: SHOW COLUMNS FROM `sc_options` [ RunTime:0.0003s ]
SQL: SELECT * FROM `sc_options` WHERE `option_name` = 'keywords' LIMIT 1   [ RunTime:0.0002s ]
SQL: SELECT * FROM `sc_options` WHERE `option_name` = 'description' LIMIT 1   [ RunTime:0.0001s ]
SQL: SELECT * FROM `sc_options` WHERE `option_name` = 'title' LIMIT 1   [ RunTime:0.0001s ]
SQL: SELECT * FROM `sc_options` WHERE `option_name` = 'title' LIMIT 1   [ RunTime:0.0001s ]
NOTIC: [8] Use of undefined constant beentime - assumed 'beentime' /phpstudy/www/Application/Runtime/Cache/Admin/abb8a9f4c100b6f22c5fe7889f53ef71.php 第 113 行.
NOTIC: [8] Use of undefined constant beentime - assumed 'beentime' /phpstudy/www/Application/Runtime/Cache/Admin/abb8a9f4c100b6f22c5fe7889f53ef71.php 第 113 行.
NOTIC: [8] Use of undefined constant beentime - assumed 'beentime' /phpstudy/www/Application/Runtime/Cache/Admin/abb8a9f4c100b6f22c5fe7889f53ef71.php 第 113 行.
NOTIC: [8] Use of undefined constant beentime - assumed 'beentime' /phpstudy/www/Application/Runtime/Cache/Admin/abb8a9f4c100b6f22c5fe7889f53ef71.php 第 113 行.
NOTIC: [8] Use of undefined constant beentime - assumed 'beentime' /phpstudy/www/Application/Runtime/Cache/Admin/abb8a9f4c100b6f22c5fe7889f53ef71.php 第 113 行.
NOTIC: [8] Use of undefined constant beentime - assumed 'beentime' /phpstudy/www/Application/Runtime/Cache/Admin/abb8a9f4c100b6f22c5fe7889f53ef71.php 第 113 行.
NOTIC: [8] Use of undefined constant beentime - assumed 'beentime' /phpstudy/www/Application/Runtime/Cache/Admin/abb8a9f4c100b6f22c5fe7889f53ef71.php 第 113 行.
NOTIC: [8] Use of undefined constant beentime - assumed 'beentime' /phpstudy/www/Application/Runtime/Cache/Admin/abb8a9f4c100b6f22c5fe7889f53ef71.php 第 113 行.
NOTIC: [8] Use of undefined constant beentime - assumed 'beentime' /phpstudy/www/Application/Runtime/Cache/Admin/abb8a9f4c100b6f22c5fe7889f53ef71.php 第 113 行.
NOTIC: [8] Use of undefined constant beentime - assumed 'beentime' /phpstudy/www/Application/Runtime/Cache/Admin/abb8a9f4c100b6f22c5fe7889f53ef71.php 第 113 行.
NOTIC: [8] Use of undefined constant beentime - assumed 'beentime' /phpstudy/www/Application/Runtime/Cache/Admin/abb8a9f4c100b6f22c5fe7889f53ef71.php 第 113 行.
NOTIC: [8] Use of undefined constant beentime - assumed 'beentime' /phpstudy/www/Application/Runtime/Cache/Admin/abb8a9f4c100b6f22c5fe7889f53ef71.php 第 113 行.
NOTIC: [8] Use of undefined constant beentime - assumed 'beentime' /phpstudy/www/Application/Runtime/Cache/Admin/abb8a9f4c100b6f22c5fe7889f53ef71.php 第 113 行.
NOTIC: [8] Use of undefined constant beentime - assumed 'beentime' /phpstudy/www/Application/Runtime/Cache/Admin/abb8a9f4c100b6f22c5fe7889f53ef71.php 第 113 行.
NOTIC: [8] Use of undefined constant beentime - assumed 'beentime' /phpstudy/www/Application/Runtime/Cache/Admin/abb8a9f4c100b6f22c5fe7889f53ef71.php 第 113 行.
NOTIC: [8] Use of undefined constant beentime - assumed 'beentime' /phpstudy/www/Application/Runtime/Cache/Admin/abb8a9f4c100b6f22c5fe7889f53ef71.php 第 113 行.
NOTIC: [8] Undefined variable: page /phpstudy/www/Application/Runtime/Cache/Admin/abb8a9f4c100b6f22c5fe7889f53ef71.php 第 122 行.
INFO: Run Behavior\ParseTemplateBehavior [ RunTime:0.007211s ]
INFO: [ view_parse ] --END-- [ RunTime:0.007235s ]
INFO: [ view_filter ] --START--
INFO: Run Behavior\WriteHtmlCacheBehavior [ RunTime:0.000091s ]
INFO: [ view_filter ] --END-- [ RunTime:0.000113s ]
INFO: [ app_end ] --START--
INFO: Run Behavior\ShowPageTraceBehavior [ RunTime:0.000264s ]
INFO: [ app_end ] --END-- [ RunTime:0.000292s ]

