[ 2017-06-10T10:17:48+08:00 ] 221.192.179.16 /index.php/admin
INFO: [ app_init ] --START--
INFO: Run Behavior\BuildLiteBehavior [ RunTime:0.000009s ]
INFO: [ app_init ] --END-- [ RunTime:0.000205s ]
INFO: [ app_begin ] --START--
INFO: Run Behavior\ReadHtmlCacheBehavior [ RunTime:0.000245s ]
INFO: [ app_begin ] --END-- [ RunTime:0.000274s ]
INFO: [ view_parse ] --START--
INFO: [ template_filter ] --START--
INFO: Run Behavior\ContentReplaceBehavior [ RunTime:0.000028s ]
INFO: [ template_filter ] --END-- [ RunTime:0.000060s ]
INFO: Run Behavior\ParseTemplateBehavior [ RunTime:0.002800s ]
INFO: [ view_parse ] --END-- [ RunTime:0.002829s ]
INFO: [ view_filter ] --START--
INFO: Run Behavior\WriteHtmlCacheBehavior [ RunTime:0.000089s ]
INFO: [ view_filter ] --END-- [ RunTime:0.000132s ]

[ 2017-06-10T10:17:58+08:00 ] 101.226.61.206 /index.php/admin
INFO: [ app_init ] --START--
INFO: Run Behavior\BuildLiteBehavior [ RunTime:0.000009s ]
INFO: [ app_init ] --END-- [ RunTime:0.000213s ]
INFO: [ app_begin ] --START--
INFO: Run Behavior\ReadHtmlCacheBehavior [ RunTime:0.000252s ]
INFO: [ app_begin ] --END-- [ RunTime:0.000281s ]
INFO: [ view_parse ] --START--
INFO: [ template_filter ] --START--
INFO: Run Behavior\ContentReplaceBehavior [ RunTime:0.000027s ]
INFO: [ template_filter ] --END-- [ RunTime:0.000059s ]
INFO: Run Behavior\ParseTemplateBehavior [ RunTime:0.002795s ]
INFO: [ view_parse ] --END-- [ RunTime:0.002825s ]
INFO: [ view_filter ] --START--
INFO: Run Behavior\WriteHtmlCacheBehavior [ RunTime:0.000084s ]
INFO: [ view_filter ] --END-- [ RunTime:0.000105s ]

[ 2017-06-10T10:18:27+08:00 ] 221.192.179.16 /index.php/Admin/All/logHandle
INFO: [ app_init ] --START--
INFO: Run Behavior\BuildLiteBehavior [ RunTime:0.000009s ]
INFO: [ app_init ] --END-- [ RunTime:0.000221s ]
INFO: [ app_begin ] --START--
INFO: Run Behavior\ReadHtmlCacheBehavior [ RunTime:0.000293s ]
INFO: [ app_begin ] --END-- [ RunTime:0.000329s ]
SQL: SHOW COLUMNS FROM `sc_admin` [ RunTime:0.0005s ]
SQL: SELECT * FROM `sc_admin` WHERE `username` = 'admin' AND `password` = 'admin' LIMIT 1   [ RunTime:0.0002s ]
INFO: [ view_parse ] --START--
INFO: [ template_filter ] --START--
INFO: Run Behavior\ContentReplaceBehavior [ RunTime:0.000025s ]
INFO: [ template_filter ] --END-- [ RunTime:0.000057s ]
INFO: Run Behavior\ParseTemplateBehavior [ RunTime:0.003347s ]
INFO: [ view_parse ] --END-- [ RunTime:0.003382s ]
INFO: [ view_filter ] --START--
INFO: Run Behavior\WriteHtmlCacheBehavior [ RunTime:0.000083s ]
INFO: [ view_filter ] --END-- [ RunTime:0.000104s ]
INFO: [ app_end ] --START--
INFO: Run Behavior\ShowPageTraceBehavior [ RunTime:0.000262s ]
INFO: [ app_end ] --END-- [ RunTime:0.000296s ]

[ 2017-06-10T10:18:28+08:00 ] 221.192.179.16 /index.php/Admin/Index/index.html
INFO: [ app_init ] --START--
INFO: Run Behavior\BuildLiteBehavior [ RunTime:0.000009s ]
INFO: [ app_init ] --END-- [ RunTime:0.000206s ]
INFO: [ app_begin ] --START--
INFO: Run Behavior\ReadHtmlCacheBehavior [ RunTime:0.000252s ]
INFO: [ app_begin ] --END-- [ RunTime:0.000284s ]
SQL: SHOW COLUMNS FROM `sc_questions` [ RunTime:0.0006s ]
SQL: SELECT COUNT(*) AS tp_count FROM `sc_questions` WHERE `questions` = 1 LIMIT 1   [ RunTime:0.0012s ]
SQL: SELECT COUNT(*) AS tp_count FROM `sc_questions` WHERE `questions` = 2 LIMIT 1   [ RunTime:0.0010s ]
SQL: SELECT COUNT(*) AS tp_count FROM `sc_questions` WHERE `questions` = 3 LIMIT 1   [ RunTime:0.0010s ]
SQL: SELECT COUNT(*) AS tp_count FROM `sc_questions` WHERE `questions` = 4 LIMIT 1   [ RunTime:0.0010s ]
INFO: [ view_parse ] --START--
INFO: [ template_filter ] --START--
INFO: Run Behavior\ContentReplaceBehavior [ RunTime:0.000074s ]
INFO: [ template_filter ] --END-- [ RunTime:0.000104s ]
SQL: SHOW COLUMNS FROM `sc_options` [ RunTime:0.0004s ]
SQL: SELECT * FROM `sc_options` WHERE `option_name` = 'keywords' LIMIT 1   [ RunTime:0.0001s ]
SQL: SELECT * FROM `sc_options` WHERE `option_name` = 'description' LIMIT 1   [ RunTime:0.0001s ]
SQL: SELECT * FROM `sc_options` WHERE `option_name` = 'title' LIMIT 1   [ RunTime:0.0001s ]
NOTIC: [8] Use of undefined constant WEB_ROOT - assumed 'WEB_ROOT' /phpstudy/www/Application/Runtime/Cache/Admin/b595b808c2ebeeeb0478ffc30bb4e87a.php 第 155 行.
NOTIC: [8] Undefined index: PROCESSOR_IDENTIFIER /phpstudy/www/Application/Runtime/Cache/Admin/b595b808c2ebeeeb0478ffc30bb4e87a.php 第 183 行.
INFO: Run Behavior\ParseTemplateBehavior [ RunTime:0.006618s ]
INFO: [ view_parse ] --END-- [ RunTime:0.006646s ]
INFO: [ view_filter ] --START--
INFO: Run Behavior\WriteHtmlCacheBehavior [ RunTime:0.000093s ]
INFO: [ view_filter ] --END-- [ RunTime:0.000125s ]
INFO: [ app_end ] --START--
INFO: Run Behavior\ShowPageTraceBehavior [ RunTime:0.000300s ]
INFO: [ app_end ] --END-- [ RunTime:0.000333s ]

[ 2017-06-10T10:18:32+08:00 ] 221.192.179.16 /index.php/Admin/Member/getlist
INFO: [ app_init ] --START--
INFO: Run Behavior\BuildLiteBehavior [ RunTime:0.000010s ]
INFO: [ app_init ] --END-- [ RunTime:0.000202s ]
INFO: [ app_begin ] --START--
INFO: Run Behavior\ReadHtmlCacheBehavior [ RunTime:0.000266s ]
INFO: [ app_begin ] --END-- [ RunTime:0.000295s ]
SQL: SHOW COLUMNS FROM `sc_user` [ RunTime:0.0006s ]
SQL: SELECT * FROM `sc_user`  [ RunTime:0.0002s ]
SQL: SELECT COUNT(*) AS tp_count FROM `sc_user` LIMIT 1   [ RunTime:0.0001s ]
INFO: [ view_parse ] --START--
INFO: [ template_filter ] --START--
INFO: Run Behavior\ContentReplaceBehavior [ RunTime:0.000058s ]
INFO: [ template_filter ] --END-- [ RunTime:0.000087s ]
SQL: SHOW COLUMNS FROM `sc_options` [ RunTime:0.0003s ]
SQL: SELECT * FROM `sc_options` WHERE `option_name` = 'keywords' LIMIT 1   [ RunTime:0.0002s ]
SQL: SELECT * FROM `sc_options` WHERE `option_name` = 'description' LIMIT 1   [ RunTime:0.0001s ]
SQL: SELECT * FROM `sc_options` WHERE `option_name` = 'title' LIMIT 1   [ RunTime:0.0001s ]
SQL: SELECT * FROM `sc_options` WHERE `option_name` = 'title' LIMIT 1   [ RunTime:0.0001s ]
NOTIC: [8] Use of undefined constant beentime - assumed 'beentime' /phpstudy/www/Application/Runtime/Cache/Admin/abb8a9f4c100b6f22c5fe7889f53ef71.php 第 113 行.
NOTIC: [8] Use of undefined constant beentime - assumed 'beentime' /phpstudy/www/Application/Runtime/Cache/Admin/abb8a9f4c100b6f22c5fe7889f53ef71.php 第 113 行.
NOTIC: [8] Use of undefined constant beentime - assumed 'beentime' /phpstudy/www/Application/Runtime/Cache/Admin/abb8a9f4c100b6f22c5fe7889f53ef71.php 第 113 行.
NOTIC: [8] Use of undefined constant beentime - assumed 'beentime' /phpstudy/www/Application/Runtime/Cache/Admin/abb8a9f4c100b6f22c5fe7889f53ef71.php 第 113 行.
NOTIC: [8] Use of undefined constant beentime - assumed 'beentime' /phpstudy/www/Application/Runtime/Cache/Admin/abb8a9f4c100b6f22c5fe7889f53ef71.php 第 113 行.
NOTIC: [8] Use of undefined constant beentime - assumed 'beentime' /phpstudy/www/Application/Runtime/Cache/Admin/abb8a9f4c100b6f22c5fe7889f53ef71.php 第 113 行.
NOTIC: [8] Use of undefined constant beentime - assumed 'beentime' /phpstudy/www/Application/Runtime/Cache/Admin/abb8a9f4c100b6f22c5fe7889f53ef71.php 第 113 行.
NOTIC: [8] Use of undefined constant beentime - assumed 'beentime' /phpstudy/www/Application/Runtime/Cache/Admin/abb8a9f4c100b6f22c5fe7889f53ef71.php 第 113 行.
NOTIC: [8] Use of undefined constant beentime - assumed 'beentime' /phpstudy/www/Application/Runtime/Cache/Admin/abb8a9f4c100b6f22c5fe7889f53ef71.php 第 113 行.
NOTIC: [8] Use of undefined constant beentime - assumed 'beentime' /phpstudy/www/Application/Runtime/Cache/Admin/abb8a9f4c100b6f22c5fe7889f53ef71.php 第 113 行.
NOTIC: [8] Use of undefined constant beentime - assumed 'beentime' /phpstudy/www/Application/Runtime/Cache/Admin/abb8a9f4c100b6f22c5fe7889f53ef71.php 第 113 行.
NOTIC: [8] Use of undefined constant beentime - assumed 'beentime' /phpstudy/www/Application/Runtime/Cache/Admin/abb8a9f4c100b6f22c5fe7889f53ef71.php 第 113 行.
NOTIC: [8] Use of undefined constant beentime - assumed 'beentime' /phpstudy/www/Application/Runtime/Cache/Admin/abb8a9f4c100b6f22c5fe7889f53ef71.php 第 113 行.
NOTIC: [8] Use of undefined constant beentime - assumed 'beentime' /phpstudy/www/Application/Runtime/Cache/Admin/abb8a9f4c100b6f22c5fe7889f53ef71.php 第 113 行.
NOTIC: [8] Use of undefined constant beentime - assumed 'beentime' /phpstudy/www/Application/Runtime/Cache/Admin/abb8a9f4c100b6f22c5fe7889f53ef71.php 第 113 行.
NOTIC: [8] Use of undefined constant beentime - assumed 'beentime' /phpstudy/www/Application/Runtime/Cache/Admin/abb8a9f4c100b6f22c5fe7889f53ef71.php 第 113 行.
NOTIC: [8] Use of undefined constant beentime - assumed 'beentime' /phpstudy/www/Application/Runtime/Cache/Admin/abb8a9f4c100b6f22c5fe7889f53ef71.php 第 113 行.
NOTIC: [8] Use of undefined constant beentime - assumed 'beentime' /phpstudy/www/Application/Runtime/Cache/Admin/abb8a9f4c100b6f22c5fe7889f53ef71.php 第 113 行.
NOTIC: [8] Undefined variable: page /phpstudy/www/Application/Runtime/Cache/Admin/abb8a9f4c100b6f22c5fe7889f53ef71.php 第 122 行.
INFO: Run Behavior\ParseTemplateBehavior [ RunTime:0.007186s ]
INFO: [ view_parse ] --END-- [ RunTime:0.007210s ]
INFO: [ view_filter ] --START--
INFO: Run Behavior\WriteHtmlCacheBehavior [ RunTime:0.000091s ]
INFO: [ view_filter ] --END-- [ RunTime:0.000112s ]
INFO: [ app_end ] --START--
INFO: Run Behavior\ShowPageTraceBehavior [ RunTime:0.000274s ]
INFO: [ app_end ] --END-- [ RunTime:0.000300s ]

[ 2017-06-10T10:18:37+08:00 ] 180.163.2.118 /index.php/Admin/All/logHandle
INFO: [ app_init ] --START--
INFO: Run Behavior\BuildLiteBehavior [ RunTime:0.000009s ]
INFO: [ app_init ] --END-- [ RunTime:0.000203s ]
INFO: [ app_begin ] --START--
INFO: Run Behavior\ReadHtmlCacheBehavior [ RunTime:0.000252s ]
INFO: [ app_begin ] --END-- [ RunTime:0.000281s ]
SQL: SHOW COLUMNS FROM `sc_admin` [ RunTime:0.0005s ]
SQL: SELECT * FROM `sc_admin` LIMIT 1   [ RunTime:0.0001s ]
INFO: [ view_parse ] --START--
INFO: [ template_filter ] --START--
INFO: Run Behavior\ContentReplaceBehavior [ RunTime:0.000024s ]
INFO: [ template_filter ] --END-- [ RunTime:0.000051s ]
INFO: Run Behavior\ParseTemplateBehavior [ RunTime:0.002981s ]
INFO: [ view_parse ] --END-- [ RunTime:0.003009s ]
INFO: [ view_filter ] --START--
INFO: Run Behavior\WriteHtmlCacheBehavior [ RunTime:0.000081s ]
INFO: [ view_filter ] --END-- [ RunTime:0.000101s ]
INFO: [ app_end ] --START--
INFO: Run Behavior\ShowPageTraceBehavior [ RunTime:0.000261s ]
INFO: [ app_end ] --END-- [ RunTime:0.000284s ]

[ 2017-06-10T10:18:38+08:00 ] 101.226.66.172 /index.php/Admin/Index/index.html
INFO: [ app_init ] --START--
INFO: Run Behavior\BuildLiteBehavior [ RunTime:0.000010s ]
INFO: [ app_init ] --END-- [ RunTime:0.000199s ]
INFO: [ app_begin ] --START--
INFO: Run Behavior\ReadHtmlCacheBehavior [ RunTime:0.000250s ]
INFO: [ app_begin ] --END-- [ RunTime:0.000279s ]
INFO: [ view_parse ] --START--
INFO: [ template_filter ] --START--
INFO: Run Behavior\ContentReplaceBehavior [ RunTime:0.000027s ]
INFO: [ template_filter ] --END-- [ RunTime:0.000058s ]
INFO: Run Behavior\ParseTemplateBehavior [ RunTime:0.002949s ]
INFO: [ view_parse ] --END-- [ RunTime:0.002977s ]
INFO: [ view_filter ] --START--
INFO: Run Behavior\WriteHtmlCacheBehavior [ RunTime:0.000081s ]
INFO: [ view_filter ] --END-- [ RunTime:0.000101s ]

[ 2017-06-10T10:18:41+08:00 ] 101.226.65.104 /index.php/Admin/Index/index.html
INFO: [ app_init ] --START--
INFO: Run Behavior\BuildLiteBehavior [ RunTime:0.000010s ]
INFO: [ app_init ] --END-- [ RunTime:0.000201s ]
INFO: [ app_begin ] --START--
INFO: Run Behavior\ReadHtmlCacheBehavior [ RunTime:0.000252s ]
INFO: [ app_begin ] --END-- [ RunTime:0.000282s ]
INFO: [ view_parse ] --START--
INFO: [ template_filter ] --START--
INFO: Run Behavior\ContentReplaceBehavior [ RunTime:0.000026s ]
INFO: [ template_filter ] --END-- [ RunTime:0.000074s ]
INFO: Run Behavior\ParseTemplateBehavior [ RunTime:0.002933s ]
INFO: [ view_parse ] --END-- [ RunTime:0.002963s ]
INFO: [ view_filter ] --START--
INFO: Run Behavior\WriteHtmlCacheBehavior [ RunTime:0.000084s ]
INFO: [ view_filter ] --END-- [ RunTime:0.000105s ]

[ 2017-06-10T10:18:43+08:00 ] 101.226.66.178 /index.php/Admin/Member/getlist
INFO: [ app_init ] --START--
INFO: Run Behavior\BuildLiteBehavior [ RunTime:0.000010s ]
INFO: [ app_init ] --END-- [ RunTime:0.000204s ]
INFO: [ app_begin ] --START--
INFO: Run Behavior\ReadHtmlCacheBehavior [ RunTime:0.000264s ]
INFO: [ app_begin ] --END-- [ RunTime:0.000294s ]
INFO: [ view_parse ] --START--
INFO: [ template_filter ] --START--
INFO: Run Behavior\ContentReplaceBehavior [ RunTime:0.000028s ]
INFO: [ template_filter ] --END-- [ RunTime:0.000060s ]
INFO: Run Behavior\ParseTemplateBehavior [ RunTime:0.003203s ]
INFO: [ view_parse ] --END-- [ RunTime:0.003235s ]
INFO: [ view_filter ] --START--
INFO: Run Behavior\WriteHtmlCacheBehavior [ RunTime:0.000093s ]
INFO: [ view_filter ] --END-- [ RunTime:0.000114s ]

[ 2017-06-10T10:18:43+08:00 ] 221.192.179.16 /index.php/Admin/Member/del?id=55
INFO: [ app_init ] --START--
INFO: Run Behavior\BuildLiteBehavior [ RunTime:0.000009s ]
INFO: [ app_init ] --END-- [ RunTime:0.000216s ]
INFO: [ app_begin ] --START--
INFO: Run Behavior\ReadHtmlCacheBehavior [ RunTime:0.000253s ]
INFO: [ app_begin ] --END-- [ RunTime:0.000281s ]
SQL: SHOW COLUMNS FROM `sc_user` [ RunTime:0.0006s ]
SQL: DELETE FROM `sc_user` WHERE `id` = 55 [ RunTime:0.0002s ]

[ 2017-06-10T10:18:47+08:00 ] 221.192.179.16 /index.php/Admin/Member/add
INFO: [ app_init ] --START--
INFO: Run Behavior\BuildLiteBehavior [ RunTime:0.000010s ]
INFO: [ app_init ] --END-- [ RunTime:0.000200s ]
INFO: [ app_begin ] --START--
INFO: Run Behavior\ReadHtmlCacheBehavior [ RunTime:0.000251s ]
INFO: [ app_begin ] --END-- [ RunTime:0.000280s ]
INFO: [ view_parse ] --START--
INFO: [ template_filter ] --START--
INFO: Run Behavior\ContentReplaceBehavior [ RunTime:0.000036s ]
INFO: [ template_filter ] --END-- [ RunTime:0.000067s ]
SQL: SHOW COLUMNS FROM `sc_options` [ RunTime:0.0005s ]
SQL: SELECT * FROM `sc_options` WHERE `option_name` = 'keywords' LIMIT 1   [ RunTime:0.0001s ]
SQL: SELECT * FROM `sc_options` WHERE `option_name` = 'description' LIMIT 1   [ RunTime:0.0001s ]
SQL: SELECT * FROM `sc_options` WHERE `option_name` = 'title' LIMIT 1   [ RunTime:0.0001s ]
INFO: Run Behavior\ParseTemplateBehavior [ RunTime:0.009800s ]
INFO: [ view_parse ] --END-- [ RunTime:0.009832s ]
INFO: [ view_filter ] --START--
INFO: Run Behavior\WriteHtmlCacheBehavior [ RunTime:0.000106s ]
INFO: [ view_filter ] --END-- [ RunTime:0.000133s ]
INFO: [ app_end ] --START--
INFO: Run Behavior\ShowPageTraceBehavior [ RunTime:0.000280s ]
INFO: [ app_end ] --END-- [ RunTime:0.000303s ]

[ 2017-06-10T10:18:57+08:00 ] 117.185.27.115 /index.php/Admin/Member/add
INFO: [ app_init ] --START--
INFO: Run Behavior\BuildLiteBehavior [ RunTime:0.000010s ]
INFO: [ app_init ] --END-- [ RunTime:0.000199s ]
INFO: [ app_begin ] --START--
INFO: Run Behavior\ReadHtmlCacheBehavior [ RunTime:0.000247s ]
INFO: [ app_begin ] --END-- [ RunTime:0.000276s ]
INFO: [ view_parse ] --START--
INFO: [ template_filter ] --START--
INFO: Run Behavior\ContentReplaceBehavior [ RunTime:0.000028s ]
INFO: [ template_filter ] --END-- [ RunTime:0.000057s ]
INFO: Run Behavior\ParseTemplateBehavior [ RunTime:0.002760s ]
INFO: [ view_parse ] --END-- [ RunTime:0.002789s ]
INFO: [ view_filter ] --START--
INFO: Run Behavior\WriteHtmlCacheBehavior [ RunTime:0.000091s ]
INFO: [ view_filter ] --END-- [ RunTime:0.000111s ]

[ 2017-06-10T10:18:58+08:00 ] 101.226.33.206 /index.php/Admin/Member/add
INFO: [ app_init ] --START--
INFO: Run Behavior\BuildLiteBehavior [ RunTime:0.000010s ]
INFO: [ app_init ] --END-- [ RunTime:0.000213s ]
INFO: [ app_begin ] --START--
INFO: Run Behavior\ReadHtmlCacheBehavior [ RunTime:0.000249s ]
INFO: [ app_begin ] --END-- [ RunTime:0.000280s ]
INFO: [ view_parse ] --START--
INFO: [ template_filter ] --START--
INFO: Run Behavior\ContentReplaceBehavior [ RunTime:0.000026s ]
INFO: [ template_filter ] --END-- [ RunTime:0.000061s ]
INFO: Run Behavior\ParseTemplateBehavior [ RunTime:0.003234s ]
INFO: [ view_parse ] --END-- [ RunTime:0.003270s ]
INFO: [ view_filter ] --START--
INFO: Run Behavior\WriteHtmlCacheBehavior [ RunTime:0.000082s ]
INFO: [ view_filter ] --END-- [ RunTime:0.000103s ]

[ 2017-06-10T10:19:32+08:00 ] 221.192.179.16 /index.php/Admin/Member/addHandle
INFO: [ app_init ] --START--
INFO: Run Behavior\BuildLiteBehavior [ RunTime:0.000009s ]
INFO: [ app_init ] --END-- [ RunTime:0.000199s ]
INFO: [ app_begin ] --START--
INFO: Run Behavior\ReadHtmlCacheBehavior [ RunTime:0.000244s ]
INFO: [ app_begin ] --END-- [ RunTime:0.000274s ]
SQL: SHOW COLUMNS FROM `sc_user` [ RunTime:0.0005s ]
SQL: INSERT INTO `sc_user` (`username`,`password`,`name`,`static`,`times`) VALUES ('15831212255','15831212255','xiaoyin','144000','1497061172') [ RunTime:0.0002s ]
INFO: [ view_parse ] --START--
INFO: [ template_filter ] --START--
INFO: Run Behavior\ContentReplaceBehavior [ RunTime:0.000023s ]
INFO: [ template_filter ] --END-- [ RunTime:0.000051s ]
INFO: Run Behavior\ParseTemplateBehavior [ RunTime:0.002912s ]
INFO: [ view_parse ] --END-- [ RunTime:0.002941s ]
INFO: [ view_filter ] --START--
INFO: Run Behavior\WriteHtmlCacheBehavior [ RunTime:0.000081s ]
INFO: [ view_filter ] --END-- [ RunTime:0.000101s ]
INFO: [ app_end ] --START--
INFO: Run Behavior\ShowPageTraceBehavior [ RunTime:0.000250s ]
INFO: [ app_end ] --END-- [ RunTime:0.000274s ]

[ 2017-06-10T10:19:33+08:00 ] 221.192.179.16 /index.php/Admin/Member/getlist
INFO: [ app_init ] --START--
INFO: Run Behavior\BuildLiteBehavior [ RunTime:0.000010s ]
INFO: [ app_init ] --END-- [ RunTime:0.000201s ]
INFO: [ app_begin ] --START--
INFO: Run Behavior\ReadHtmlCacheBehavior [ RunTime:0.000254s ]
INFO: [ app_begin ] --END-- [ RunTime:0.000283s ]
SQL: SHOW COLUMNS FROM `sc_user` [ RunTime:0.0006s ]
SQL: SELECT * FROM `sc_user`  [ RunTime:0.0002s ]
SQL: SELECT COUNT(*) AS tp_count FROM `sc_user` LIMIT 1   [ RunTime:0.0001s ]
INFO: [ view_parse ] --START--
INFO: [ template_filter ] --START--
INFO: Run Behavior\ContentReplaceBehavior [ RunTime:0.000065s ]
INFO: [ template_filter ] --END-- [ RunTime:0.000095s ]
SQL: SHOW COLUMNS FROM `sc_options` [ RunTime:0.0003s ]
SQL: SELECT * FROM `sc_options` WHERE `option_name` = 'keywords' LIMIT 1   [ RunTime:0.0001s ]
SQL: SELECT * FROM `sc_options` WHERE `option_name` = 'description' LIMIT 1   [ RunTime:0.0001s ]
SQL: SELECT * FROM `sc_options` WHERE `option_name` = 'title' LIMIT 1   [ RunTime:0.0001s ]
SQL: SELECT * FROM `sc_options` WHERE `option_name` = 'title' LIMIT 1   [ RunTime:0.0001s ]
NOTIC: [8] Use of undefined constant beentime - assumed 'beentime' /phpstudy/www/Application/Runtime/Cache/Admin/abb8a9f4c100b6f22c5fe7889f53ef71.php 第 113 行.
NOTIC: [8] Use of undefined constant beentime - assumed 'beentime' /phpstudy/www/Application/Runtime/Cache/Admin/abb8a9f4c100b6f22c5fe7889f53ef71.php 第 113 行.
NOTIC: [8] Use of undefined constant beentime - assumed 'beentime' /phpstudy/www/Application/Runtime/Cache/Admin/abb8a9f4c100b6f22c5fe7889f53ef71.php 第 113 行.
NOTIC: [8] Use of undefined constant beentime - assumed 'beentime' /phpstudy/www/Application/Runtime/Cache/Admin/abb8a9f4c100b6f22c5fe7889f53ef71.php 第 113 行.
NOTIC: [8] Use of undefined constant beentime - assumed 'beentime' /phpstudy/www/Application/Runtime/Cache/Admin/abb8a9f4c100b6f22c5fe7889f53ef71.php 第 113 行.
NOTIC: [8] Use of undefined constant beentime - assumed 'beentime' /phpstudy/www/Application/Runtime/Cache/Admin/abb8a9f4c100b6f22c5fe7889f53ef71.php 第 113 行.
NOTIC: [8] Use of undefined constant beentime - assumed 'beentime' /phpstudy/www/Application/Runtime/Cache/Admin/abb8a9f4c100b6f22c5fe7889f53ef71.php 第 113 行.
NOTIC: [8] Use of undefined constant beentime - assumed 'beentime' /phpstudy/www/Application/Runtime/Cache/Admin/abb8a9f4c100b6f22c5fe7889f53ef71.php 第 113 行.
NOTIC: [8] Use of undefined constant beentime - assumed 'beentime' /phpstudy/www/Application/Runtime/Cache/Admin/abb8a9f4c100b6f22c5fe7889f53ef71.php 第 113 行.
NOTIC: [8] Use of undefined constant beentime - assumed 'beentime' /phpstudy/www/Application/Runtime/Cache/Admin/abb8a9f4c100b6f22c5fe7889f53ef71.php 第 113 行.
NOTIC: [8] Use of undefined constant beentime - assumed 'beentime' /phpstudy/www/Application/Runtime/Cache/Admin/abb8a9f4c100b6f22c5fe7889f53ef71.php 第 113 行.
NOTIC: [8] Use of undefined constant beentime - assumed 'beentime' /phpstudy/www/Application/Runtime/Cache/Admin/abb8a9f4c100b6f22c5fe7889f53ef71.php 第 113 行.
NOTIC: [8] Use of undefined constant beentime - assumed 'beentime' /phpstudy/www/Application/Runtime/Cache/Admin/abb8a9f4c100b6f22c5fe7889f53ef71.php 第 113 行.
NOTIC: [8] Use of undefined constant beentime - assumed 'beentime' /phpstudy/www/Application/Runtime/Cache/Admin/abb8a9f4c100b6f22c5fe7889f53ef71.php 第 113 行.
NOTIC: [8] Use of undefined constant beentime - assumed 'beentime' /phpstudy/www/Application/Runtime/Cache/Admin/abb8a9f4c100b6f22c5fe7889f53ef71.php 第 113 行.
NOTIC: [8] Use of undefined constant beentime - assumed 'beentime' /phpstudy/www/Application/Runtime/Cache/Admin/abb8a9f4c100b6f22c5fe7889f53ef71.php 第 113 行.
NOTIC: [8] Use of undefined constant beentime - assumed 'beentime' /phpstudy/www/Application/Runtime/Cache/Admin/abb8a9f4c100b6f22c5fe7889f53ef71.php 第 113 行.
NOTIC: [8] Use of undefined constant beentime - assumed 'beentime' /phpstudy/www/Application/Runtime/Cache/Admin/abb8a9f4c100b6f22c5fe7889f53ef71.php 第 113 行.
NOTIC: [8] Undefined variable: page /phpstudy/www/Application/Runtime/Cache/Admin/abb8a9f4c100b6f22c5fe7889f53ef71.php 第 122 行.
INFO: Run Behavior\ParseTemplateBehavior [ RunTime:0.007283s ]
INFO: [ view_parse ] --END-- [ RunTime:0.007309s ]
INFO: [ view_filter ] --START--
INFO: Run Behavior\WriteHtmlCacheBehavior [ RunTime:0.000094s ]
INFO: [ view_filter ] --END-- [ RunTime:0.000116s ]
INFO: [ app_end ] --START--
INFO: Run Behavior\ShowPageTraceBehavior [ RunTime:0.000266s ]
INFO: [ app_end ] --END-- [ RunTime:0.000295s ]

[ 2017-06-10T10:19:42+08:00 ] 101.226.125.16 /index.php/Admin/Member/addHandle
INFO: [ app_init ] --START--
INFO: Run Behavior\BuildLiteBehavior [ RunTime:0.000009s ]
INFO: [ app_init ] --END-- [ RunTime:0.000199s ]
INFO: [ app_begin ] --START--
INFO: Run Behavior\ReadHtmlCacheBehavior [ RunTime:0.000246s ]
INFO: [ app_begin ] --END-- [ RunTime:0.000274s ]
INFO: [ view_parse ] --START--
INFO: [ template_filter ] --START--
INFO: Run Behavior\ContentReplaceBehavior [ RunTime:0.000027s ]
INFO: [ template_filter ] --END-- [ RunTime:0.000057s ]
INFO: Run Behavior\ParseTemplateBehavior [ RunTime:0.002818s ]
INFO: [ view_parse ] --END-- [ RunTime:0.002847s ]
INFO: [ view_filter ] --START--
INFO: Run Behavior\WriteHtmlCacheBehavior [ RunTime:0.000079s ]
INFO: [ view_filter ] --END-- [ RunTime:0.000098s ]

[ 2017-06-10T10:19:42+08:00 ] 101.226.89.120 /index.php/Admin/Member/addHandle
INFO: [ app_init ] --START--
INFO: Run Behavior\BuildLiteBehavior [ RunTime:0.000008s ]
INFO: [ app_init ] --END-- [ RunTime:0.000193s ]
INFO: [ app_begin ] --START--
INFO: Run Behavior\ReadHtmlCacheBehavior [ RunTime:0.000246s ]
INFO: [ app_begin ] --END-- [ RunTime:0.000274s ]
INFO: [ view_parse ] --START--
INFO: [ template_filter ] --START--
INFO: Run Behavior\ContentReplaceBehavior [ RunTime:0.000024s ]
INFO: [ template_filter ] --END-- [ RunTime:0.000054s ]
INFO: Run Behavior\ParseTemplateBehavior [ RunTime:0.002705s ]
INFO: [ view_parse ] --END-- [ RunTime:0.002734s ]
INFO: [ view_filter ] --START--
INFO: Run Behavior\WriteHtmlCacheBehavior [ RunTime:0.000111s ]
INFO: [ view_filter ] --END-- [ RunTime:0.000133s ]

[ 2017-06-10T10:19:42+08:00 ] 180.153.163.190 /index.php/Admin/Member/addHandle
INFO: [ app_init ] --START--
INFO: Run Behavior\BuildLiteBehavior [ RunTime:0.000009s ]
INFO: [ app_init ] --END-- [ RunTime:0.000187s ]
INFO: [ app_begin ] --START--
INFO: Run Behavior\ReadHtmlCacheBehavior [ RunTime:0.000244s ]
INFO: [ app_begin ] --END-- [ RunTime:0.000284s ]
INFO: [ view_parse ] --START--
INFO: [ template_filter ] --START--
INFO: Run Behavior\ContentReplaceBehavior [ RunTime:0.000024s ]
INFO: [ template_filter ] --END-- [ RunTime:0.000053s ]
INFO: Run Behavior\ParseTemplateBehavior [ RunTime:0.002683s ]
INFO: [ view_parse ] --END-- [ RunTime:0.002714s ]
INFO: [ view_filter ] --START--
INFO: Run Behavior\WriteHtmlCacheBehavior [ RunTime:0.000111s ]
INFO: [ view_filter ] --END-- [ RunTime:0.000133s ]

[ 2017-06-10T10:19:44+08:00 ] 101.226.89.119 /index.php/Admin/Member/addHandle
INFO: [ app_init ] --START--
INFO: Run Behavior\BuildLiteBehavior [ RunTime:0.000009s ]
INFO: [ app_init ] --END-- [ RunTime:0.000198s ]
INFO: [ app_begin ] --START--
INFO: Run Behavior\ReadHtmlCacheBehavior [ RunTime:0.000245s ]
INFO: [ app_begin ] --END-- [ RunTime:0.000274s ]
INFO: [ view_parse ] --START--
INFO: [ template_filter ] --START--
INFO: Run Behavior\ContentReplaceBehavior [ RunTime:0.000026s ]
INFO: [ template_filter ] --END-- [ RunTime:0.000056s ]
INFO: Run Behavior\ParseTemplateBehavior [ RunTime:0.002782s ]
INFO: [ view_parse ] --END-- [ RunTime:0.002812s ]
INFO: [ view_filter ] --START--
INFO: Run Behavior\WriteHtmlCacheBehavior [ RunTime:0.000081s ]
INFO: [ view_filter ] --END-- [ RunTime:0.000101s ]

[ 2017-06-10T14:20:11+08:00 ] 221.192.179.16 /index.php/admin
INFO: [ app_init ] --START--
INFO: Run Behavior\BuildLiteBehavior [ RunTime:0.000010s ]
INFO: [ app_init ] --END-- [ RunTime:0.000204s ]
INFO: [ app_begin ] --START--
INFO: Run Behavior\ReadHtmlCacheBehavior [ RunTime:0.000251s ]
INFO: [ app_begin ] --END-- [ RunTime:0.000281s ]
INFO: [ view_parse ] --START--
INFO: [ template_filter ] --START--
INFO: Run Behavior\ContentReplaceBehavior [ RunTime:0.000027s ]
INFO: [ template_filter ] --END-- [ RunTime:0.000058s ]
INFO: Run Behavior\ParseTemplateBehavior [ RunTime:0.002806s ]
INFO: [ view_parse ] --END-- [ RunTime:0.002835s ]
INFO: [ view_filter ] --START--
INFO: Run Behavior\WriteHtmlCacheBehavior [ RunTime:0.000079s ]
INFO: [ view_filter ] --END-- [ RunTime:0.000099s ]

[ 2017-06-10T14:20:26+08:00 ] 221.192.179.16 /index.php/Admin/All/logHandle
INFO: [ app_init ] --START--
INFO: Run Behavior\BuildLiteBehavior [ RunTime:0.000010s ]
INFO: [ app_init ] --END-- [ RunTime:0.000200s ]
INFO: [ app_begin ] --START--
INFO: Run Behavior\ReadHtmlCacheBehavior [ RunTime:0.000255s ]
INFO: [ app_begin ] --END-- [ RunTime:0.000284s ]
SQL: SHOW COLUMNS FROM `sc_admin` [ RunTime:0.0005s ]
SQL: SELECT * FROM `sc_admin` WHERE `username` = 'admin' AND `password` = 'admin' LIMIT 1   [ RunTime:0.0002s ]
INFO: [ view_parse ] --START--
INFO: [ template_filter ] --START--
INFO: Run Behavior\ContentReplaceBehavior [ RunTime:0.000025s ]
INFO: [ template_filter ] --END-- [ RunTime:0.000054s ]
INFO: Run Behavior\ParseTemplateBehavior [ RunTime:0.002988s ]
INFO: [ view_parse ] --END-- [ RunTime:0.003017s ]
INFO: [ view_filter ] --START--
INFO: Run Behavior\WriteHtmlCacheBehavior [ RunTime:0.000081s ]
INFO: [ view_filter ] --END-- [ RunTime:0.000101s ]
INFO: [ app_end ] --START--
INFO: Run Behavior\ShowPageTraceBehavior [ RunTime:0.000265s ]
INFO: [ app_end ] --END-- [ RunTime:0.000288s ]

[ 2017-06-10T14:20:27+08:00 ] 221.192.179.16 /index.php/Admin/Index/index.html
INFO: [ app_init ] --START--
INFO: Run Behavior\BuildLiteBehavior [ RunTime:0.000010s ]
INFO: [ app_init ] --END-- [ RunTime:0.000204s ]
INFO: [ app_begin ] --START--
INFO: Run Behavior\ReadHtmlCacheBehavior [ RunTime:0.000251s ]
INFO: [ app_begin ] --END-- [ RunTime:0.000281s ]
SQL: SHOW COLUMNS FROM `sc_questions` [ RunTime:0.0006s ]
SQL: SELECT COUNT(*) AS tp_count FROM `sc_questions` WHERE `questions` = 1 LIMIT 1   [ RunTime:0.0013s ]
SQL: SELECT COUNT(*) AS tp_count FROM `sc_questions` WHERE `questions` = 2 LIMIT 1   [ RunTime:0.0010s ]
SQL: SELECT COUNT(*) AS tp_count FROM `sc_questions` WHERE `questions` = 3 LIMIT 1   [ RunTime:0.0010s ]
SQL: SELECT COUNT(*) AS tp_count FROM `sc_questions` WHERE `questions` = 4 LIMIT 1   [ RunTime:0.0010s ]
INFO: [ view_parse ] --START--
INFO: [ template_filter ] --START--
INFO: Run Behavior\ContentReplaceBehavior [ RunTime:0.000061s ]
INFO: [ template_filter ] --END-- [ RunTime:0.000092s ]
SQL: SHOW COLUMNS FROM `sc_options` [ RunTime:0.0003s ]
SQL: SELECT * FROM `sc_options` WHERE `option_name` = 'keywords' LIMIT 1   [ RunTime:0.0001s ]
SQL: SELECT * FROM `sc_options` WHERE `option_name` = 'description' LIMIT 1   [ RunTime:0.0001s ]
SQL: SELECT * FROM `sc_options` WHERE `option_name` = 'title' LIMIT 1   [ RunTime:0.0001s ]
NOTIC: [8] Use of undefined constant WEB_ROOT - assumed 'WEB_ROOT' /phpstudy/www/Application/Runtime/Cache/Admin/b595b808c2ebeeeb0478ffc30bb4e87a.php 第 155 行.
NOTIC: [8] Undefined index: PROCESSOR_IDENTIFIER /phpstudy/www/Application/Runtime/Cache/Admin/b595b808c2ebeeeb0478ffc30bb4e87a.php 第 183 行.
INFO: Run Behavior\ParseTemplateBehavior [ RunTime:0.006654s ]
INFO: [ view_parse ] --END-- [ RunTime:0.006680s ]
INFO: [ view_filter ] --START--
INFO: Run Behavior\WriteHtmlCacheBehavior [ RunTime:0.000095s ]
INFO: [ view_filter ] --END-- [ RunTime:0.000116s ]
INFO: [ app_end ] --START--
INFO: Run Behavior\ShowPageTraceBehavior [ RunTime:0.000268s ]
INFO: [ app_end ] --END-- [ RunTime:0.000300s ]

[ 2017-06-10T14:20:43+08:00 ] 221.192.179.16 /index.php/Admin/Member/getlist
INFO: [ app_init ] --START--
INFO: Run Behavior\BuildLiteBehavior [ RunTime:0.000009s ]
INFO: [ app_init ] --END-- [ RunTime:0.000226s ]
INFO: [ app_begin ] --START--
INFO: Run Behavior\ReadHtmlCacheBehavior [ RunTime:0.000249s ]
INFO: [ app_begin ] --END-- [ RunTime:0.000283s ]
SQL: SHOW COLUMNS FROM `sc_user` [ RunTime:0.0006s ]
SQL: SELECT * FROM `sc_user`  [ RunTime:0.0002s ]
SQL: SELECT COUNT(*) AS tp_count FROM `sc_user` LIMIT 1   [ RunTime:0.0001s ]
INFO: [ view_parse ] --START--
INFO: [ template_filter ] --START--
INFO: Run Behavior\ContentReplaceBehavior [ RunTime:0.000055s ]
INFO: [ template_filter ] --END-- [ RunTime:0.000089s ]
SQL: SHOW COLUMNS FROM `sc_options` [ RunTime:0.0004s ]
SQL: SELECT * FROM `sc_options` WHERE `option_name` = 'keywords' LIMIT 1   [ RunTime:0.0002s ]
SQL: SELECT * FROM `sc_options` WHERE `option_name` = 'description' LIMIT 1   [ RunTime:0.0001s ]
SQL: SELECT * FROM `sc_options` WHERE `option_name` = 'title' LIMIT 1   [ RunTime:0.0001s ]
SQL: SELECT * FROM `sc_options` WHERE `option_name` = 'title' LIMIT 1   [ RunTime:0.0001s ]
NOTIC: [8] Use of undefined constant beentime - assumed 'beentime' /phpstudy/www/Application/Runtime/Cache/Admin/abb8a9f4c100b6f22c5fe7889f53ef71.php 第 113 行.
NOTIC: [8] Use of undefined constant beentime - assumed 'beentime' /phpstudy/www/Application/Runtime/Cache/Admin/abb8a9f4c100b6f22c5fe7889f53ef71.php 第 113 行.
NOTIC: [8] Use of undefined constant beentime - assumed 'beentime' /phpstudy/www/Application/Runtime/Cache/Admin/abb8a9f4c100b6f22c5fe7889f53ef71.php 第 113 行.
NOTIC: [8] Use of undefined constant beentime - assumed 'beentime' /phpstudy/www/Application/Runtime/Cache/Admin/abb8a9f4c100b6f22c5fe7889f53ef71.php 第 113 行.
NOTIC: [8] Use of undefined constant beentime - assumed 'beentime' /phpstudy/www/Application/Runtime/Cache/Admin/abb8a9f4c100b6f22c5fe7889f53ef71.php 第 113 行.
NOTIC: [8] Use of undefined constant beentime - assumed 'beentime' /phpstudy/www/Application/Runtime/Cache/Admin/abb8a9f4c100b6f22c5fe7889f53ef71.php 第 113 行.
NOTIC: [8] Use of undefined constant beentime - assumed 'beentime' /phpstudy/www/Application/Runtime/Cache/Admin/abb8a9f4c100b6f22c5fe7889f53ef71.php 第 113 行.
NOTIC: [8] Use of undefined constant beentime - assumed 'beentime' /phpstudy/www/Application/Runtime/Cache/Admin/abb8a9f4c100b6f22c5fe7889f53ef71.php 第 113 行.
NOTIC: [8] Use of undefined constant beentime - assumed 'beentime' /phpstudy/www/Application/Runtime/Cache/Admin/abb8a9f4c100b6f22c5fe7889f53ef71.php 第 113 行.
NOTIC: [8] Use of undefined constant beentime - assumed 'beentime' /phpstudy/www/Application/Runtime/Cache/Admin/abb8a9f4c100b6f22c5fe7889f53ef71.php 第 113 行.
NOTIC: [8] Use of undefined constant beentime - assumed 'beentime' /phpstudy/www/Application/Runtime/Cache/Admin/abb8a9f4c100b6f22c5fe7889f53ef71.php 第 113 行.
NOTIC: [8] Use of undefined constant beentime - assumed 'beentime' /phpstudy/www/Application/Runtime/Cache/Admin/abb8a9f4c100b6f22c5fe7889f53ef71.php 第 113 行.
NOTIC: [8] Use of undefined constant beentime - assumed 'beentime' /phpstudy/www/Application/Runtime/Cache/Admin/abb8a9f4c100b6f22c5fe7889f53ef71.php 第 113 行.
NOTIC: [8] Use of undefined constant beentime - assumed 'beentime' /phpstudy/www/Application/Runtime/Cache/Admin/abb8a9f4c100b6f22c5fe7889f53ef71.php 第 113 行.
NOTIC: [8] Use of undefined constant beentime - assumed 'beentime' /phpstudy/www/Application/Runtime/Cache/Admin/abb8a9f4c100b6f22c5fe7889f53ef71.php 第 113 行.
NOTIC: [8] Use of undefined constant beentime - assumed 'beentime' /phpstudy/www/Application/Runtime/Cache/Admin/abb8a9f4c100b6f22c5fe7889f53ef71.php 第 113 行.
NOTIC: [8] Use of undefined constant beentime - assumed 'beentime' /phpstudy/www/Application/Runtime/Cache/Admin/abb8a9f4c100b6f22c5fe7889f53ef71.php 第 113 行.
NOTIC: [8] Use of undefined constant beentime - assumed 'beentime' /phpstudy/www/Application/Runtime/Cache/Admin/abb8a9f4c100b6f22c5fe7889f53ef71.php 第 113 行.
NOTIC: [8] Undefined variable: page /phpstudy/www/Application/Runtime/Cache/Admin/abb8a9f4c100b6f22c5fe7889f53ef71.php 第 122 行.
INFO: Run Behavior\ParseTemplateBehavior [ RunTime:0.008090s ]
INFO: [ view_parse ] --END-- [ RunTime:0.008121s ]
INFO: [ view_filter ] --START--
INFO: Run Behavior\WriteHtmlCacheBehavior [ RunTime:0.000097s ]
INFO: [ view_filter ] --END-- [ RunTime:0.000120s ]
INFO: [ app_end ] --START--
INFO: Run Behavior\ShowPageTraceBehavior [ RunTime:0.000280s ]
INFO: [ app_end ] --END-- [ RunTime:0.000308s ]

[ 2017-06-10T14:20:57+08:00 ] 106.120.160.109 /index.php/admin
INFO: [ app_init ] --START--
INFO: Run Behavior\BuildLiteBehavior [ RunTime:0.000013s ]
INFO: [ app_init ] --END-- [ RunTime:0.000309s ]
INFO: [ app_begin ] --START--
INFO: Run Behavior\ReadHtmlCacheBehavior [ RunTime:0.000391s ]
INFO: [ app_begin ] --END-- [ RunTime:0.000439s ]
INFO: [ view_parse ] --START--
INFO: [ template_filter ] --START--
INFO: Run Behavior\ContentReplaceBehavior [ RunTime:0.000028s ]
INFO: [ template_filter ] --END-- [ RunTime:0.000061s ]
INFO: Run Behavior\ParseTemplateBehavior [ RunTime:0.004517s ]
INFO: [ view_parse ] --END-- [ RunTime:0.004554s ]
INFO: [ view_filter ] --START--
INFO: Run Behavior\WriteHtmlCacheBehavior [ RunTime:0.000083s ]
INFO: [ view_filter ] --END-- [ RunTime:0.000105s ]

[ 2017-06-10T14:21:13+08:00 ] 101.199.108.119 /index.php/admin
INFO: [ app_init ] --START--
INFO: Run Behavior\BuildLiteBehavior [ RunTime:0.000010s ]
INFO: [ app_init ] --END-- [ RunTime:0.000206s ]
INFO: [ app_begin ] --START--
INFO: Run Behavior\ReadHtmlCacheBehavior [ RunTime:0.000264s ]
INFO: [ app_begin ] --END-- [ RunTime:0.000301s ]
INFO: [ view_parse ] --START--
INFO: [ template_filter ] --START--
INFO: Run Behavior\ContentReplaceBehavior [ RunTime:0.000028s ]
INFO: [ template_filter ] --END-- [ RunTime:0.000068s ]
INFO: Run Behavior\ParseTemplateBehavior [ RunTime:0.003024s ]
INFO: [ view_parse ] --END-- [ RunTime:0.003056s ]
INFO: [ view_filter ] --START--
INFO: Run Behavior\WriteHtmlCacheBehavior [ RunTime:0.000077s ]
INFO: [ view_filter ] --END-- [ RunTime:0.000098s ]

[ 2017-06-10T14:21:31+08:00 ] 221.192.179.16 /index.php/Admin/Member/edit?id=62
INFO: [ app_init ] --START--
INFO: Run Behavior\BuildLiteBehavior [ RunTime:0.000009s ]
INFO: [ app_init ] --END-- [ RunTime:0.000206s ]
INFO: [ app_begin ] --START--
INFO: Run Behavior\ReadHtmlCacheBehavior [ RunTime:0.000254s ]
INFO: [ app_begin ] --END-- [ RunTime:0.000285s ]
SQL: SHOW COLUMNS FROM `sc_user` [ RunTime:0.0006s ]
SQL: SELECT * FROM `sc_user` WHERE `id` = 62 LIMIT 1   [ RunTime:0.0002s ]
INFO: [ view_parse ] --START--
INFO: [ template_filter ] --START--
INFO: Run Behavior\ContentReplaceBehavior [ RunTime:0.000036s ]
INFO: [ template_filter ] --END-- [ RunTime:0.000065s ]
SQL: SHOW COLUMNS FROM `sc_options` [ RunTime:0.0003s ]
SQL: SELECT * FROM `sc_options` WHERE `option_name` = 'keywords' LIMIT 1   [ RunTime:0.0001s ]
SQL: SELECT * FROM `sc_options` WHERE `option_name` = 'description' LIMIT 1   [ RunTime:0.0001s ]
SQL: SELECT * FROM `sc_options` WHERE `option_name` = 'title' LIMIT 1   [ RunTime:0.0001s ]
INFO: Run Behavior\ParseTemplateBehavior [ RunTime:0.005092s ]
INFO: [ view_parse ] --END-- [ RunTime:0.005117s ]
INFO: [ view_filter ] --START--
INFO: Run Behavior\WriteHtmlCacheBehavior [ RunTime:0.000096s ]
INFO: [ view_filter ] --END-- [ RunTime:0.000117s ]
INFO: [ app_end ] --START--
INFO: Run Behavior\ShowPageTraceBehavior [ RunTime:0.000270s ]
INFO: [ app_end ] --END-- [ RunTime:0.000294s ]

[ 2017-06-10T16:54:00+08:00 ] 221.192.179.16 /index.php/admin
INFO: [ app_init ] --START--
INFO: Run Behavior\BuildLiteBehavior [ RunTime:0.000009s ]
INFO: [ app_init ] --END-- [ RunTime:0.000212s ]
INFO: [ app_begin ] --START--
INFO: Run Behavior\ReadHtmlCacheBehavior [ RunTime:0.000260s ]
INFO: [ app_begin ] --END-- [ RunTime:0.000294s ]
INFO: [ view_parse ] --START--
INFO: [ template_filter ] --START--
INFO: Run Behavior\ContentReplaceBehavior [ RunTime:0.000028s ]
INFO: [ template_filter ] --END-- [ RunTime:0.000061s ]
INFO: Run Behavior\ParseTemplateBehavior [ RunTime:0.003252s ]
INFO: [ view_parse ] --END-- [ RunTime:0.003290s ]
INFO: [ view_filter ] --START--
INFO: Run Behavior\WriteHtmlCacheBehavior [ RunTime:0.000106s ]
INFO: [ view_filter ] --END-- [ RunTime:0.000135s ]

[ 2017-06-10T16:54:18+08:00 ] 221.192.179.16 /index.php/Admin/All/logHandle
INFO: [ app_init ] --START--
INFO: Run Behavior\BuildLiteBehavior [ RunTime:0.000011s ]
INFO: [ app_init ] --END-- [ RunTime:0.000337s ]
INFO: [ app_begin ] --START--
INFO: Run Behavior\ReadHtmlCacheBehavior [ RunTime:0.000257s ]
INFO: [ app_begin ] --END-- [ RunTime:0.000290s ]
SQL: SHOW COLUMNS FROM `sc_admin` [ RunTime:0.0005s ]
SQL: SELECT * FROM `sc_admin` WHERE `username` = 'admin' AND `password` = 'admin' LIMIT 1   [ RunTime:0.0002s ]
INFO: [ view_parse ] --START--
INFO: [ template_filter ] --START--
INFO: Run Behavior\ContentReplaceBehavior [ RunTime:0.000023s ]
INFO: [ template_filter ] --END-- [ RunTime:0.000052s ]
INFO: Run Behavior\ParseTemplateBehavior [ RunTime:0.003133s ]
INFO: [ view_parse ] --END-- [ RunTime:0.003172s ]
INFO: [ view_filter ] --START--
INFO: Run Behavior\WriteHtmlCacheBehavior [ RunTime:0.000105s ]
INFO: [ view_filter ] --END-- [ RunTime:0.000127s ]
INFO: [ app_end ] --START--
INFO: Run Behavior\ShowPageTraceBehavior [ RunTime:0.000267s ]
INFO: [ app_end ] --END-- [ RunTime:0.000292s ]

[ 2017-06-10T16:54:19+08:00 ] 221.192.179.16 /index.php/Admin/Index/index.html
INFO: [ app_init ] --START--
INFO: Run Behavior\BuildLiteBehavior [ RunTime:0.000010s ]
INFO: [ app_init ] --END-- [ RunTime:0.000205s ]
INFO: [ app_begin ] --START--
INFO: Run Behavior\ReadHtmlCacheBehavior [ RunTime:0.000289s ]
INFO: [ app_begin ] --END-- [ RunTime:0.000319s ]
SQL: SHOW COLUMNS FROM `sc_questions` [ RunTime:0.0007s ]
SQL: SELECT COUNT(*) AS tp_count FROM `sc_questions` WHERE `questions` = 1 LIMIT 1   [ RunTime:0.0013s ]
SQL: SELECT COUNT(*) AS tp_count FROM `sc_questions` WHERE `questions` = 2 LIMIT 1   [ RunTime:0.0011s ]
SQL: SELECT COUNT(*) AS tp_count FROM `sc_questions` WHERE `questions` = 3 LIMIT 1   [ RunTime:0.0010s ]
SQL: SELECT COUNT(*) AS tp_count FROM `sc_questions` WHERE `questions` = 4 LIMIT 1   [ RunTime:0.0010s ]
INFO: [ view_parse ] --START--
INFO: [ template_filter ] --START--
INFO: Run Behavior\ContentReplaceBehavior [ RunTime:0.000065s ]
INFO: [ template_filter ] --END-- [ RunTime:0.000096s ]
SQL: SHOW COLUMNS FROM `sc_options` [ RunTime:0.0004s ]
SQL: SELECT * FROM `sc_options` WHERE `option_name` = 'keywords' LIMIT 1   [ RunTime:0.0001s ]
SQL: SELECT * FROM `sc_options` WHERE `option_name` = 'description' LIMIT 1   [ RunTime:0.0001s ]
SQL: SELECT * FROM `sc_options` WHERE `option_name` = 'title' LIMIT 1   [ RunTime:0.0001s ]
NOTIC: [8] Use of undefined constant WEB_ROOT - assumed 'WEB_ROOT' /phpstudy/www/Application/Runtime/Cache/Admin/b595b808c2ebeeeb0478ffc30bb4e87a.php 第 155 行.
NOTIC: [8] Undefined index: PROCESSOR_IDENTIFIER /phpstudy/www/Application/Runtime/Cache/Admin/b595b808c2ebeeeb0478ffc30bb4e87a.php 第 183 行.
INFO: Run Behavior\ParseTemplateBehavior [ RunTime:0.006859s ]
INFO: [ view_parse ] --END-- [ RunTime:0.006882s ]
INFO: [ view_filter ] --START--
INFO: Run Behavior\WriteHtmlCacheBehavior [ RunTime:0.000093s ]
INFO: [ view_filter ] --END-- [ RunTime:0.000113s ]
INFO: [ app_end ] --START--
INFO: Run Behavior\ShowPageTraceBehavior [ RunTime:0.000300s ]
INFO: [ app_end ] --END-- [ RunTime:0.000330s ]

[ 2017-06-10T16:54:22+08:00 ] 221.192.179.16 /index.php/Admin/Member/getlist
INFO: [ app_init ] --START--
INFO: Run Behavior\BuildLiteBehavior [ RunTime:0.000011s ]
INFO: [ app_init ] --END-- [ RunTime:0.000221s ]
INFO: [ app_begin ] --START--
INFO: Run Behavior\ReadHtmlCacheBehavior [ RunTime:0.000270s ]
INFO: [ app_begin ] --END-- [ RunTime:0.000300s ]
SQL: SHOW COLUMNS FROM `sc_user` [ RunTime:0.0006s ]
SQL: SELECT * FROM `sc_user`  [ RunTime:0.0002s ]
SQL: SELECT COUNT(*) AS tp_count FROM `sc_user` LIMIT 1   [ RunTime:0.0001s ]
INFO: [ view_parse ] --START--
INFO: [ template_filter ] --START--
INFO: Run Behavior\ContentReplaceBehavior [ RunTime:0.000076s ]
INFO: [ template_filter ] --END-- [ RunTime:0.000109s ]
SQL: SHOW COLUMNS FROM `sc_options` [ RunTime:0.0004s ]
SQL: SELECT * FROM `sc_options` WHERE `option_name` = 'keywords' LIMIT 1   [ RunTime:0.0001s ]
SQL: SELECT * FROM `sc_options` WHERE `option_name` = 'description' LIMIT 1   [ RunTime:0.0001s ]
SQL: SELECT * FROM `sc_options` WHERE `option_name` = 'title' LIMIT 1   [ RunTime:0.0001s ]
SQL: SELECT * FROM `sc_options` WHERE `option_name` = 'title' LIMIT 1   [ RunTime:0.0001s ]
NOTIC: [8] Use of undefined constant beentime - assumed 'beentime' /phpstudy/www/Application/Runtime/Cache/Admin/abb8a9f4c100b6f22c5fe7889f53ef71.php 第 113 行.
NOTIC: [8] Use of undefined constant beentime - assumed 'beentime' /phpstudy/www/Application/Runtime/Cache/Admin/abb8a9f4c100b6f22c5fe7889f53ef71.php 第 113 行.
NOTIC: [8] Use of undefined constant beentime - assumed 'beentime' /phpstudy/www/Application/Runtime/Cache/Admin/abb8a9f4c100b6f22c5fe7889f53ef71.php 第 113 行.
NOTIC: [8] Use of undefined constant beentime - assumed 'beentime' /phpstudy/www/Application/Runtime/Cache/Admin/abb8a9f4c100b6f22c5fe7889f53ef71.php 第 113 行.
NOTIC: [8] Use of undefined constant beentime - assumed 'beentime' /phpstudy/www/Application/Runtime/Cache/Admin/abb8a9f4c100b6f22c5fe7889f53ef71.php 第 113 行.
NOTIC: [8] Use of undefined constant beentime - assumed 'beentime' /phpstudy/www/Application/Runtime/Cache/Admin/abb8a9f4c100b6f22c5fe7889f53ef71.php 第 113 行.
NOTIC: [8] Use of undefined constant beentime - assumed 'beentime' /phpstudy/www/Application/Runtime/Cache/Admin/abb8a9f4c100b6f22c5fe7889f53ef71.php 第 113 行.
NOTIC: [8] Use of undefined constant beentime - assumed 'beentime' /phpstudy/www/Application/Runtime/Cache/Admin/abb8a9f4c100b6f22c5fe7889f53ef71.php 第 113 行.
NOTIC: [8] Use of undefined constant beentime - assumed 'beentime' /phpstudy/www/Application/Runtime/Cache/Admin/abb8a9f4c100b6f22c5fe7889f53ef71.php 第 113 行.
NOTIC: [8] Use of undefined constant beentime - assumed 'beentime' /phpstudy/www/Application/Runtime/Cache/Admin/abb8a9f4c100b6f22c5fe7889f53ef71.php 第 113 行.
NOTIC: [8] Use of undefined constant beentime - assumed 'beentime' /phpstudy/www/Application/Runtime/Cache/Admin/abb8a9f4c100b6f22c5fe7889f53ef71.php 第 113 行.
NOTIC: [8] Use of undefined constant beentime - assumed 'beentime' /phpstudy/www/Application/Runtime/Cache/Admin/abb8a9f4c100b6f22c5fe7889f53ef71.php 第 113 行.
NOTIC: [8] Use of undefined constant beentime - assumed 'beentime' /phpstudy/www/Application/Runtime/Cache/Admin/abb8a9f4c100b6f22c5fe7889f53ef71.php 第 113 行.
NOTIC: [8] Use of undefined constant beentime - assumed 'beentime' /phpstudy/www/Application/Runtime/Cache/Admin/abb8a9f4c100b6f22c5fe7889f53ef71.php 第 113 行.
NOTIC: [8] Use of undefined constant beentime - assumed 'beentime' /phpstudy/www/Application/Runtime/Cache/Admin/abb8a9f4c100b6f22c5fe7889f53ef71.php 第 113 行.
NOTIC: [8] Use of undefined constant beentime - assumed 'beentime' /phpstudy/www/Application/Runtime/Cache/Admin/abb8a9f4c100b6f22c5fe7889f53ef71.php 第 113 行.
NOTIC: [8] Use of undefined constant beentime - assumed 'beentime' /phpstudy/www/Application/Runtime/Cache/Admin/abb8a9f4c100b6f22c5fe7889f53ef71.php 第 113 行.
NOTIC: [8] Use of undefined constant beentime - assumed 'beentime' /phpstudy/www/Application/Runtime/Cache/Admin/abb8a9f4c100b6f22c5fe7889f53ef71.php 第 113 行.
NOTIC: [8] Undefined variable: page /phpstudy/www/Application/Runtime/Cache/Admin/abb8a9f4c100b6f22c5fe7889f53ef71.php 第 122 行.
INFO: Run Behavior\ParseTemplateBehavior [ RunTime:0.007776s ]
INFO: [ view_parse ] --END-- [ RunTime:0.007805s ]
INFO: [ view_filter ] --START--
INFO: Run Behavior\WriteHtmlCacheBehavior [ RunTime:0.000126s ]
INFO: [ view_filter ] --END-- [ RunTime:0.000150s ]
INFO: [ app_end ] --START--
INFO: Run Behavior\ShowPageTraceBehavior [ RunTime:0.000283s ]
INFO: [ app_end ] --END-- [ RunTime:0.000311s ]

[ 2017-06-10T16:56:38+08:00 ] 221.192.179.16 /index.php/admin
INFO: [ app_init ] --START--
INFO: Run Behavior\BuildLiteBehavior [ RunTime:0.000009s ]
INFO: [ app_init ] --END-- [ RunTime:0.000202s ]
INFO: [ app_begin ] --START--
INFO: Run Behavior\ReadHtmlCacheBehavior [ RunTime:0.000249s ]
INFO: [ app_begin ] --END-- [ RunTime:0.000279s ]
SQL: SHOW COLUMNS FROM `sc_questions` [ RunTime:0.0006s ]
SQL: SELECT COUNT(*) AS tp_count FROM `sc_questions` WHERE `questions` = 1 LIMIT 1   [ RunTime:0.0012s ]
SQL: SELECT COUNT(*) AS tp_count FROM `sc_questions` WHERE `questions` = 2 LIMIT 1   [ RunTime:0.0010s ]
SQL: SELECT COUNT(*) AS tp_count FROM `sc_questions` WHERE `questions` = 3 LIMIT 1   [ RunTime:0.0010s ]
SQL: SELECT COUNT(*) AS tp_count FROM `sc_questions` WHERE `questions` = 4 LIMIT 1   [ RunTime:0.0010s ]
INFO: [ view_parse ] --START--
INFO: [ template_filter ] --START--
INFO: Run Behavior\ContentReplaceBehavior [ RunTime:0.000080s ]
INFO: [ template_filter ] --END-- [ RunTime:0.000114s ]
SQL: SHOW COLUMNS FROM `sc_options` [ RunTime:0.0004s ]
SQL: SELECT * FROM `sc_options` WHERE `option_name` = 'keywords' LIMIT 1   [ RunTime:0.0002s ]
SQL: SELECT * FROM `sc_options` WHERE `option_name` = 'description' LIMIT 1   [ RunTime:0.0001s ]
SQL: SELECT * FROM `sc_options` WHERE `option_name` = 'title' LIMIT 1   [ RunTime:0.0001s ]
NOTIC: [8] Use of undefined constant WEB_ROOT - assumed 'WEB_ROOT' /phpstudy/www/Application/Runtime/Cache/Admin/b595b808c2ebeeeb0478ffc30bb4e87a.php 第 155 行.
NOTIC: [8] Undefined index: PROCESSOR_IDENTIFIER /phpstudy/www/Application/Runtime/Cache/Admin/b595b808c2ebeeeb0478ffc30bb4e87a.php 第 183 行.
INFO: Run Behavior\ParseTemplateBehavior [ RunTime:0.007026s ]
INFO: [ view_parse ] --END-- [ RunTime:0.007055s ]
INFO: [ view_filter ] --START--
INFO: Run Behavior\WriteHtmlCacheBehavior [ RunTime:0.000099s ]
INFO: [ view_filter ] --END-- [ RunTime:0.000120s ]
INFO: [ app_end ] --START--
INFO: Run Behavior\ShowPageTraceBehavior [ RunTime:0.000296s ]
INFO: [ app_end ] --END-- [ RunTime:0.000329s ]

[ 2017-06-10T16:56:44+08:00 ] 221.192.179.16 /index.php/Admin/Member/getlist
INFO: [ app_init ] --START--
INFO: Run Behavior\BuildLiteBehavior [ RunTime:0.000010s ]
INFO: [ app_init ] --END-- [ RunTime:0.000196s ]
INFO: [ app_begin ] --START--
INFO: Run Behavior\ReadHtmlCacheBehavior [ RunTime:0.000247s ]
INFO: [ app_begin ] --END-- [ RunTime:0.000276s ]
SQL: SHOW COLUMNS FROM `sc_user` [ RunTime:0.0006s ]
SQL: SELECT * FROM `sc_user`  [ RunTime:0.0002s ]
SQL: SELECT COUNT(*) AS tp_count FROM `sc_user` LIMIT 1   [ RunTime:0.0001s ]
INFO: [ view_parse ] --START--
INFO: [ template_filter ] --START--
INFO: Run Behavior\ContentReplaceBehavior [ RunTime:0.000095s ]
INFO: [ template_filter ] --END-- [ RunTime:0.000144s ]
SQL: SHOW COLUMNS FROM `sc_options` [ RunTime:0.0005s ]
SQL: SELECT * FROM `sc_options` WHERE `option_name` = 'keywords' LIMIT 1   [ RunTime:0.0002s ]
SQL: SELECT * FROM `sc_options` WHERE `option_name` = 'description' LIMIT 1   [ RunTime:0.0002s ]
SQL: SELECT * FROM `sc_options` WHERE `option_name` = 'title' LIMIT 1   [ RunTime:0.0002s ]
SQL: SELECT * FROM `sc_options` WHERE `option_name` = 'title' LIMIT 1   [ RunTime:0.0002s ]
NOTIC: [8] Use of undefined constant beentime - assumed 'beentime' /phpstudy/www/Application/Runtime/Cache/Admin/abb8a9f4c100b6f22c5fe7889f53ef71.php 第 113 行.
NOTIC: [8] Use of undefined constant beentime - assumed 'beentime' /phpstudy/www/Application/Runtime/Cache/Admin/abb8a9f4c100b6f22c5fe7889f53ef71.php 第 113 行.
NOTIC: [8] Use of undefined constant beentime - assumed 'beentime' /phpstudy/www/Application/Runtime/Cache/Admin/abb8a9f4c100b6f22c5fe7889f53ef71.php 第 113 行.
NOTIC: [8] Use of undefined constant beentime - assumed 'beentime' /phpstudy/www/Application/Runtime/Cache/Admin/abb8a9f4c100b6f22c5fe7889f53ef71.php 第 113 行.
NOTIC: [8] Use of undefined constant beentime - assumed 'beentime' /phpstudy/www/Application/Runtime/Cache/Admin/abb8a9f4c100b6f22c5fe7889f53ef71.php 第 113 行.
NOTIC: [8] Use of undefined constant beentime - assumed 'beentime' /phpstudy/www/Application/Runtime/Cache/Admin/abb8a9f4c100b6f22c5fe7889f53ef71.php 第 113 行.
NOTIC: [8] Use of undefined constant beentime - assumed 'beentime' /phpstudy/www/Application/Runtime/Cache/Admin/abb8a9f4c100b6f22c5fe7889f53ef71.php 第 113 行.
NOTIC: [8] Use of undefined constant beentime - assumed 'beentime' /phpstudy/www/Application/Runtime/Cache/Admin/abb8a9f4c100b6f22c5fe7889f53ef71.php 第 113 行.
NOTIC: [8] Use of undefined constant beentime - assumed 'beentime' /phpstudy/www/Application/Runtime/Cache/Admin/abb8a9f4c100b6f22c5fe7889f53ef71.php 第 113 行.
NOTIC: [8] Use of undefined constant beentime - assumed 'beentime' /phpstudy/www/Application/Runtime/Cache/Admin/abb8a9f4c100b6f22c5fe7889f53ef71.php 第 113 行.
NOTIC: [8] Use of undefined constant beentime - assumed 'beentime' /phpstudy/www/Application/Runtime/Cache/Admin/abb8a9f4c100b6f22c5fe7889f53ef71.php 第 113 行.
NOTIC: [8] Use of undefined constant beentime - assumed 'beentime' /phpstudy/www/Application/Runtime/Cache/Admin/abb8a9f4c100b6f22c5fe7889f53ef71.php 第 113 行.
NOTIC: [8] Use of undefined constant beentime - assumed 'beentime' /phpstudy/www/Application/Runtime/Cache/Admin/abb8a9f4c100b6f22c5fe7889f53ef71.php 第 113 行.
NOTIC: [8] Use of undefined constant beentime - assumed 'beentime' /phpstudy/www/Application/Runtime/Cache/Admin/abb8a9f4c100b6f22c5fe7889f53ef71.php 第 113 行.
NOTIC: [8] Use of undefined constant beentime - assumed 'beentime' /phpstudy/www/Application/Runtime/Cache/Admin/abb8a9f4c100b6f22c5fe7889f53ef71.php 第 113 行.
NOTIC: [8] Use of undefined constant beentime - assumed 'beentime' /phpstudy/www/Application/Runtime/Cache/Admin/abb8a9f4c100b6f22c5fe7889f53ef71.php 第 113 行.
NOTIC: [8] Use of undefined constant beentime - assumed 'beentime' /phpstudy/www/Application/Runtime/Cache/Admin/abb8a9f4c100b6f22c5fe7889f53ef71.php 第 113 行.
NOTIC: [8] Use of undefined constant beentime - assumed 'beentime' /phpstudy/www/Application/Runtime/Cache/Admin/abb8a9f4c100b6f22c5fe7889f53ef71.php 第 113 行.
NOTIC: [8] Undefined variable: page /phpstudy/www/Application/Runtime/Cache/Admin/abb8a9f4c100b6f22c5fe7889f53ef71.php 第 122 行.
INFO: Run Behavior\ParseTemplateBehavior [ RunTime:0.008508s ]
INFO: [ view_parse ] --END-- [ RunTime:0.008539s ]
INFO: [ view_filter ] --START--
INFO: Run Behavior\WriteHtmlCacheBehavior [ RunTime:0.000125s ]
INFO: [ view_filter ] --END-- [ RunTime:0.000158s ]
INFO: [ app_end ] --START--
INFO: Run Behavior\ShowPageTraceBehavior [ RunTime:0.000400s ]
INFO: [ app_end ] --END-- [ RunTime:0.000441s ]

[ 2017-06-10T16:57:09+08:00 ] 221.192.179.16 /index.php/Admin/Member/del?id=65
INFO: [ app_init ] --START--
INFO: Run Behavior\BuildLiteBehavior [ RunTime:0.000010s ]
INFO: [ app_init ] --END-- [ RunTime:0.000202s ]
INFO: [ app_begin ] --START--
INFO: Run Behavior\ReadHtmlCacheBehavior [ RunTime:0.000277s ]
INFO: [ app_begin ] --END-- [ RunTime:0.000306s ]
SQL: SHOW COLUMNS FROM `sc_user` [ RunTime:0.0007s ]
SQL: DELETE FROM `sc_user` WHERE `id` = 65 [ RunTime:0.0002s ]

[ 2017-06-10T16:57:13+08:00 ] 221.192.179.16 /index.php/Admin/Member/getlist
INFO: [ app_init ] --START--
INFO: Run Behavior\BuildLiteBehavior [ RunTime:0.000009s ]
INFO: [ app_init ] --END-- [ RunTime:0.000205s ]
INFO: [ app_begin ] --START--
INFO: Run Behavior\ReadHtmlCacheBehavior [ RunTime:0.000251s ]
INFO: [ app_begin ] --END-- [ RunTime:0.000280s ]
SQL: SHOW COLUMNS FROM `sc_user` [ RunTime:0.0006s ]
SQL: SELECT * FROM `sc_user`  [ RunTime:0.0002s ]
SQL: SELECT COUNT(*) AS tp_count FROM `sc_user` LIMIT 1   [ RunTime:0.0001s ]
INFO: [ view_parse ] --START--
INFO: [ template_filter ] --START--
INFO: Run Behavior\ContentReplaceBehavior [ RunTime:0.000078s ]
INFO: [ template_filter ] --END-- [ RunTime:0.000108s ]
SQL: SHOW COLUMNS FROM `sc_options` [ RunTime:0.0004s ]
SQL: SELECT * FROM `sc_options` WHERE `option_name` = 'keywords' LIMIT 1   [ RunTime:0.0002s ]
SQL: SELECT * FROM `sc_options` WHERE `option_name` = 'description' LIMIT 1   [ RunTime:0.0001s ]
SQL: SELECT * FROM `sc_options` WHERE `option_name` = 'title' LIMIT 1   [ RunTime:0.0001s ]
SQL: SELECT * FROM `sc_options` WHERE `option_name` = 'title' LIMIT 1   [ RunTime:0.0001s ]
NOTIC: [8] Use of undefined constant beentime - assumed 'beentime' /phpstudy/www/Application/Runtime/Cache/Admin/abb8a9f4c100b6f22c5fe7889f53ef71.php 第 113 行.
NOTIC: [8] Use of undefined constant beentime - assumed 'beentime' /phpstudy/www/Application/Runtime/Cache/Admin/abb8a9f4c100b6f22c5fe7889f53ef71.php 第 113 行.
NOTIC: [8] Use of undefined constant beentime - assumed 'beentime' /phpstudy/www/Application/Runtime/Cache/Admin/abb8a9f4c100b6f22c5fe7889f53ef71.php 第 113 行.
NOTIC: [8] Use of undefined constant beentime - assumed 'beentime' /phpstudy/www/Application/Runtime/Cache/Admin/abb8a9f4c100b6f22c5fe7889f53ef71.php 第 113 行.
NOTIC: [8] Use of undefined constant beentime - assumed 'beentime' /phpstudy/www/Application/Runtime/Cache/Admin/abb8a9f4c100b6f22c5fe7889f53ef71.php 第 113 行.
NOTIC: [8] Use of undefined constant beentime - assumed 'beentime' /phpstudy/www/Application/Runtime/Cache/Admin/abb8a9f4c100b6f22c5fe7889f53ef71.php 第 113 行.
NOTIC: [8] Use of undefined constant beentime - assumed 'beentime' /phpstudy/www/Application/Runtime/Cache/Admin/abb8a9f4c100b6f22c5fe7889f53ef71.php 第 113 行.
NOTIC: [8] Use of undefined constant beentime - assumed 'beentime' /phpstudy/www/Application/Runtime/Cache/Admin/abb8a9f4c100b6f22c5fe7889f53ef71.php 第 113 行.
NOTIC: [8] Use of undefined constant beentime - assumed 'beentime' /phpstudy/www/Application/Runtime/Cache/Admin/abb8a9f4c100b6f22c5fe7889f53ef71.php 第 113 行.
NOTIC: [8] Use of undefined constant beentime - assumed 'beentime' /phpstudy/www/Application/Runtime/Cache/Admin/abb8a9f4c100b6f22c5fe7889f53ef71.php 第 113 行.
NOTIC: [8] Use of undefined constant beentime - assumed 'beentime' /phpstudy/www/Application/Runtime/Cache/Admin/abb8a9f4c100b6f22c5fe7889f53ef71.php 第 113 行.
NOTIC: [8] Use of undefined constant beentime - assumed 'beentime' /phpstudy/www/Application/Runtime/Cache/Admin/abb8a9f4c100b6f22c5fe7889f53ef71.php 第 113 行.
NOTIC: [8] Use of undefined constant beentime - assumed 'beentime' /phpstudy/www/Application/Runtime/Cache/Admin/abb8a9f4c100b6f22c5fe7889f53ef71.php 第 113 行.
NOTIC: [8] Use of undefined constant beentime - assumed 'beentime' /phpstudy/www/Application/Runtime/Cache/Admin/abb8a9f4c100b6f22c5fe7889f53ef71.php 第 113 行.
NOTIC: [8] Use of undefined constant beentime - assumed 'beentime' /phpstudy/www/Application/Runtime/Cache/Admin/abb8a9f4c100b6f22c5fe7889f53ef71.php 第 113 行.
NOTIC: [8] Use of undefined constant beentime - assumed 'beentime' /phpstudy/www/Application/Runtime/Cache/Admin/abb8a9f4c100b6f22c5fe7889f53ef71.php 第 113 行.
NOTIC: [8] Use of undefined constant beentime - assumed 'beentime' /phpstudy/www/Application/Runtime/Cache/Admin/abb8a9f4c100b6f22c5fe7889f53ef71.php 第 113 行.
NOTIC: [8] Undefined variable: page /phpstudy/www/Application/Runtime/Cache/Admin/abb8a9f4c100b6f22c5fe7889f53ef71.php 第 122 行.
INFO: Run Behavior\ParseTemplateBehavior [ RunTime:0.007326s ]
INFO: [ view_parse ] --END-- [ RunTime:0.007352s ]
INFO: [ view_filter ] --START--
INFO: Run Behavior\WriteHtmlCacheBehavior [ RunTime:0.000096s ]
INFO: [ view_filter ] --END-- [ RunTime:0.000117s ]
INFO: [ app_end ] --START--
INFO: Run Behavior\ShowPageTraceBehavior [ RunTime:0.000272s ]
INFO: [ app_end ] --END-- [ RunTime:0.000301s ]

[ 2017-06-10T16:57:15+08:00 ] 221.192.179.16 /index.php/Admin/Member/add
INFO: [ app_init ] --START--
INFO: Run Behavior\BuildLiteBehavior [ RunTime:0.000009s ]
INFO: [ app_init ] --END-- [ RunTime:0.000217s ]
INFO: [ app_begin ] --START--
INFO: Run Behavior\ReadHtmlCacheBehavior [ RunTime:0.000254s ]
INFO: [ app_begin ] --END-- [ RunTime:0.000284s ]
INFO: [ view_parse ] --START--
INFO: [ template_filter ] --START--
INFO: Run Behavior\ContentReplaceBehavior [ RunTime:0.000037s ]
INFO: [ template_filter ] --END-- [ RunTime:0.000068s ]
SQL: SHOW COLUMNS FROM `sc_options` [ RunTime:0.0005s ]
SQL: SELECT * FROM `sc_options` WHERE `option_name` = 'keywords' LIMIT 1   [ RunTime:0.0002s ]
SQL: SELECT * FROM `sc_options` WHERE `option_name` = 'description' LIMIT 1   [ RunTime:0.0001s ]
SQL: SELECT * FROM `sc_options` WHERE `option_name` = 'title' LIMIT 1   [ RunTime:0.0001s ]
INFO: Run Behavior\ParseTemplateBehavior [ RunTime:0.009639s ]
INFO: [ view_parse ] --END-- [ RunTime:0.009667s ]
INFO: [ view_filter ] --START--
INFO: Run Behavior\WriteHtmlCacheBehavior [ RunTime:0.000096s ]
INFO: [ view_filter ] --END-- [ RunTime:0.000118s ]
INFO: [ app_end ] --START--
INFO: Run Behavior\ShowPageTraceBehavior [ RunTime:0.000289s ]
INFO: [ app_end ] --END-- [ RunTime:0.000314s ]

[ 2017-06-10T16:58:37+08:00 ] 221.192.179.16 /index.php/Admin/Member/addHandle
INFO: [ app_init ] --START--
INFO: Run Behavior\BuildLiteBehavior [ RunTime:0.000010s ]
INFO: [ app_init ] --END-- [ RunTime:0.000237s ]
INFO: [ app_begin ] --START--
INFO: Run Behavior\ReadHtmlCacheBehavior [ RunTime:0.000252s ]
INFO: [ app_begin ] --END-- [ RunTime:0.000284s ]
SQL: SHOW COLUMNS FROM `sc_user` [ RunTime:0.0006s ]
SQL: INSERT INTO `sc_user` (`username`,`password`,`name`,`static`,`times`) VALUES ('15103365673','15103365673','周海江','36000','1497085117') [ RunTime:0.0003s ]
INFO: [ view_parse ] --START--
INFO: [ template_filter ] --START--
INFO: Run Behavior\ContentReplaceBehavior [ RunTime:0.000027s ]
INFO: [ template_filter ] --END-- [ RunTime:0.000058s ]
INFO: Run Behavior\ParseTemplateBehavior [ RunTime:0.003286s ]
INFO: [ view_parse ] --END-- [ RunTime:0.003320s ]
INFO: [ view_filter ] --START--
INFO: Run Behavior\WriteHtmlCacheBehavior [ RunTime:0.000097s ]
INFO: [ view_filter ] --END-- [ RunTime:0.000120s ]
INFO: [ app_end ] --START--
INFO: Run Behavior\ShowPageTraceBehavior [ RunTime:0.000271s ]
INFO: [ app_end ] --END-- [ RunTime:0.000301s ]

[ 2017-06-10T16:58:38+08:00 ] 221.192.179.16 /index.php/Admin/Member/getlist
INFO: [ app_init ] --START--
INFO: Run Behavior\BuildLiteBehavior [ RunTime:0.000010s ]
INFO: [ app_init ] --END-- [ RunTime:0.000200s ]
INFO: [ app_begin ] --START--
INFO: Run Behavior\ReadHtmlCacheBehavior [ RunTime:0.000280s ]
INFO: [ app_begin ] --END-- [ RunTime:0.000316s ]
SQL: SHOW COLUMNS FROM `sc_user` [ RunTime:0.0006s ]
SQL: SELECT * FROM `sc_user`  [ RunTime:0.0002s ]
SQL: SELECT COUNT(*) AS tp_count FROM `sc_user` LIMIT 1   [ RunTime:0.0001s ]
INFO: [ view_parse ] --START--
INFO: [ template_filter ] --START--
INFO: Run Behavior\ContentReplaceBehavior [ RunTime:0.000051s ]
INFO: [ template_filter ] --END-- [ RunTime:0.000082s ]
SQL: SHOW COLUMNS FROM `sc_options` [ RunTime:0.0004s ]
SQL: SELECT * FROM `sc_options` WHERE `option_name` = 'keywords' LIMIT 1   [ RunTime:0.0001s ]
SQL: SELECT * FROM `sc_options` WHERE `option_name` = 'description' LIMIT 1   [ RunTime:0.0001s ]
SQL: SELECT * FROM `sc_options` WHERE `option_name` = 'title' LIMIT 1   [ RunTime:0.0001s ]
SQL: SELECT * FROM `sc_options` WHERE `option_name` = 'title' LIMIT 1   [ RunTime:0.0001s ]
NOTIC: [8] Use of undefined constant beentime - assumed 'beentime' /phpstudy/www/Application/Runtime/Cache/Admin/abb8a9f4c100b6f22c5fe7889f53ef71.php 第 113 行.
NOTIC: [8] Use of undefined constant beentime - assumed 'beentime' /phpstudy/www/Application/Runtime/Cache/Admin/abb8a9f4c100b6f22c5fe7889f53ef71.php 第 113 行.
NOTIC: [8] Use of undefined constant beentime - assumed 'beentime' /phpstudy/www/Application/Runtime/Cache/Admin/abb8a9f4c100b6f22c5fe7889f53ef71.php 第 113 行.
NOTIC: [8] Use of undefined constant beentime - assumed 'beentime' /phpstudy/www/Application/Runtime/Cache/Admin/abb8a9f4c100b6f22c5fe7889f53ef71.php 第 113 行.
NOTIC: [8] Use of undefined constant beentime - assumed 'beentime' /phpstudy/www/Application/Runtime/Cache/Admin/abb8a9f4c100b6f22c5fe7889f53ef71.php 第 113 行.
NOTIC: [8] Use of undefined constant beentime - assumed 'beentime' /phpstudy/www/Application/Runtime/Cache/Admin/abb8a9f4c100b6f22c5fe7889f53ef71.php 第 113 行.
NOTIC: [8] Use of undefined constant beentime - assumed 'beentime' /phpstudy/www/Application/Runtime/Cache/Admin/abb8a9f4c100b6f22c5fe7889f53ef71.php 第 113 行.
NOTIC: [8] Use of undefined constant beentime - assumed 'beentime' /phpstudy/www/Application/Runtime/Cache/Admin/abb8a9f4c100b6f22c5fe7889f53ef71.php 第 113 行.
NOTIC: [8] Use of undefined constant beentime - assumed 'beentime' /phpstudy/www/Application/Runtime/Cache/Admin/abb8a9f4c100b6f22c5fe7889f53ef71.php 第 113 行.
NOTIC: [8] Use of undefined constant beentime - assumed 'beentime' /phpstudy/www/Application/Runtime/Cache/Admin/abb8a9f4c100b6f22c5fe7889f53ef71.php 第 113 行.
NOTIC: [8] Use of undefined constant beentime - assumed 'beentime' /phpstudy/www/Application/Runtime/Cache/Admin/abb8a9f4c100b6f22c5fe7889f53ef71.php 第 113 行.
NOTIC: [8] Use of undefined constant beentime - assumed 'beentime' /phpstudy/www/Application/Runtime/Cache/Admin/abb8a9f4c100b6f22c5fe7889f53ef71.php 第 113 行.
NOTIC: [8] Use of undefined constant beentime - assumed 'beentime' /phpstudy/www/Application/Runtime/Cache/Admin/abb8a9f4c100b6f22c5fe7889f53ef71.php 第 113 行.
NOTIC: [8] Use of undefined constant beentime - assumed 'beentime' /phpstudy/www/Application/Runtime/Cache/Admin/abb8a9f4c100b6f22c5fe7889f53ef71.php 第 113 行.
NOTIC: [8] Use of undefined constant beentime - assumed 'beentime' /phpstudy/www/Application/Runtime/Cache/Admin/abb8a9f4c100b6f22c5fe7889f53ef71.php 第 113 行.
NOTIC: [8] Use of undefined constant beentime - assumed 'beentime' /phpstudy/www/Application/Runtime/Cache/Admin/abb8a9f4c100b6f22c5fe7889f53ef71.php 第 113 行.
NOTIC: [8] Use of undefined constant beentime - assumed 'beentime' /phpstudy/www/Application/Runtime/Cache/Admin/abb8a9f4c100b6f22c5fe7889f53ef71.php 第 113 行.
NOTIC: [8] Use of undefined constant beentime - assumed 'beentime' /phpstudy/www/Application/Runtime/Cache/Admin/abb8a9f4c100b6f22c5fe7889f53ef71.php 第 113 行.
NOTIC: [8] Undefined variable: page /phpstudy/www/Application/Runtime/Cache/Admin/abb8a9f4c100b6f22c5fe7889f53ef71.php 第 122 行.
INFO: Run Behavior\ParseTemplateBehavior [ RunTime:0.007770s ]
INFO: [ view_parse ] --END-- [ RunTime:0.007796s ]
INFO: [ view_filter ] --START--
INFO: Run Behavior\WriteHtmlCacheBehavior [ RunTime:0.000097s ]
INFO: [ view_filter ] --END-- [ RunTime:0.000124s ]
INFO: [ app_end ] --START--
INFO: Run Behavior\ShowPageTraceBehavior [ RunTime:0.000301s ]
INFO: [ app_end ] --END-- [ RunTime:0.000329s ]

