[ 2017-06-04T10:29:10+08:00 ] 221.192.179.86 /index.php/admin
INFO: [ app_init ] --START--
INFO: Run Behavior\BuildLiteBehavior [ RunTime:0.000010s ]
INFO: [ app_init ] --END-- [ RunTime:0.000201s ]
INFO: [ app_begin ] --START--
INFO: Run Behavior\ReadHtmlCacheBehavior [ RunTime:0.000261s ]
INFO: [ app_begin ] --END-- [ RunTime:0.000292s ]
INFO: [ view_parse ] --START--
INFO: [ template_filter ] --START--
INFO: Run Behavior\ContentReplaceBehavior [ RunTime:0.000026s ]
INFO: [ template_filter ] --END-- [ RunTime:0.000080s ]
INFO: Run Behavior\ParseTemplateBehavior [ RunTime:0.002838s ]
INFO: [ view_parse ] --END-- [ RunTime:0.002868s ]
INFO: [ view_filter ] --START--
INFO: Run Behavior\WriteHtmlCacheBehavior [ RunTime:0.000085s ]
INFO: [ view_filter ] --END-- [ RunTime:0.000105s ]

[ 2017-06-04T10:29:24+08:00 ] 221.192.179.86 /index.php/Admin/All/logHandle
INFO: [ app_init ] --START--
INFO: Run Behavior\BuildLiteBehavior [ RunTime:0.000010s ]
INFO: [ app_init ] --END-- [ RunTime:0.000225s ]
INFO: [ app_begin ] --START--
INFO: Run Behavior\ReadHtmlCacheBehavior [ RunTime:0.000252s ]
INFO: [ app_begin ] --END-- [ RunTime:0.000284s ]
SQL: SHOW COLUMNS FROM `sc_admin` [ RunTime:0.0005s ]
SQL: SELECT * FROM `sc_admin` WHERE `username` = 'admin' AND `password` = 'admin' LIMIT 1   [ RunTime:0.0002s ]
INFO: [ view_parse ] --START--
INFO: [ template_filter ] --START--
INFO: Run Behavior\ContentReplaceBehavior [ RunTime:0.000023s ]
INFO: [ template_filter ] --END-- [ RunTime:0.000057s ]
INFO: Run Behavior\ParseTemplateBehavior [ RunTime:0.003255s ]
INFO: [ view_parse ] --END-- [ RunTime:0.003300s ]
INFO: [ view_filter ] --START--
INFO: Run Behavior\WriteHtmlCacheBehavior [ RunTime:0.000082s ]
INFO: [ view_filter ] --END-- [ RunTime:0.000104s ]
INFO: [ app_end ] --START--
INFO: Run Behavior\ShowPageTraceBehavior [ RunTime:0.000313s ]
INFO: [ app_end ] --END-- [ RunTime:0.000342s ]

[ 2017-06-04T10:29:25+08:00 ] 221.192.179.86 /index.php/Admin/Index/index.html
INFO: [ app_init ] --START--
INFO: Run Behavior\BuildLiteBehavior [ RunTime:0.000009s ]
INFO: [ app_init ] --END-- [ RunTime:0.000209s ]
INFO: [ app_begin ] --START--
INFO: Run Behavior\ReadHtmlCacheBehavior [ RunTime:0.000268s ]
INFO: [ app_begin ] --END-- [ RunTime:0.000302s ]
SQL: SHOW COLUMNS FROM `sc_questions` [ RunTime:0.0006s ]
SQL: SELECT COUNT(*) AS tp_count FROM `sc_questions` WHERE `questions` = 1 LIMIT 1   [ RunTime:0.0013s ]
SQL: SELECT COUNT(*) AS tp_count FROM `sc_questions` WHERE `questions` = 2 LIMIT 1   [ RunTime:0.0011s ]
SQL: SELECT COUNT(*) AS tp_count FROM `sc_questions` WHERE `questions` = 3 LIMIT 1   [ RunTime:0.0012s ]
SQL: SELECT COUNT(*) AS tp_count FROM `sc_questions` WHERE `questions` = 4 LIMIT 1   [ RunTime:0.0011s ]
INFO: [ view_parse ] --START--
INFO: [ template_filter ] --START--
INFO: Run Behavior\ContentReplaceBehavior [ RunTime:0.000073s ]
INFO: [ template_filter ] --END-- [ RunTime:0.000105s ]
SQL: SHOW COLUMNS FROM `sc_options` [ RunTime:0.0004s ]
SQL: SELECT * FROM `sc_options` WHERE `option_name` = 'keywords' LIMIT 1   [ RunTime:0.0001s ]
SQL: SELECT * FROM `sc_options` WHERE `option_name` = 'description' LIMIT 1   [ RunTime:0.0001s ]
SQL: SELECT * FROM `sc_options` WHERE `option_name` = 'title' LIMIT 1   [ RunTime:0.0001s ]
NOTIC: [8] Use of undefined constant WEB_ROOT - assumed 'WEB_ROOT' /phpstudy/www/Application/Runtime/Cache/Admin/b595b808c2ebeeeb0478ffc30bb4e87a.php 第 155 行.
NOTIC: [8] Undefined index: PROCESSOR_IDENTIFIER /phpstudy/www/Application/Runtime/Cache/Admin/b595b808c2ebeeeb0478ffc30bb4e87a.php 第 183 行.
INFO: Run Behavior\ParseTemplateBehavior [ RunTime:0.006762s ]
INFO: [ view_parse ] --END-- [ RunTime:0.006791s ]
INFO: [ view_filter ] --START--
INFO: Run Behavior\WriteHtmlCacheBehavior [ RunTime:0.000094s ]
INFO: [ view_filter ] --END-- [ RunTime:0.000116s ]
INFO: [ app_end ] --START--
INFO: Run Behavior\ShowPageTraceBehavior [ RunTime:0.000270s ]
INFO: [ app_end ] --END-- [ RunTime:0.000303s ]

[ 2017-06-04T10:29:36+08:00 ] 221.192.179.86 /index.php/Admin/Member/getlist
INFO: [ app_init ] --START--
INFO: Run Behavior\BuildLiteBehavior [ RunTime:0.000009s ]
INFO: [ app_init ] --END-- [ RunTime:0.000234s ]
INFO: [ app_begin ] --START--
INFO: Run Behavior\ReadHtmlCacheBehavior [ RunTime:0.000265s ]
INFO: [ app_begin ] --END-- [ RunTime:0.000298s ]
SQL: SHOW COLUMNS FROM `sc_user` [ RunTime:0.0006s ]
SQL: SELECT * FROM `sc_user`  [ RunTime:0.0002s ]
SQL: SELECT COUNT(*) AS tp_count FROM `sc_user` LIMIT 1   [ RunTime:0.0001s ]
INFO: [ view_parse ] --START--
INFO: [ template_filter ] --START--
INFO: Run Behavior\ContentReplaceBehavior [ RunTime:0.000052s ]
INFO: [ template_filter ] --END-- [ RunTime:0.000083s ]
SQL: SHOW COLUMNS FROM `sc_options` [ RunTime:0.0003s ]
SQL: SELECT * FROM `sc_options` WHERE `option_name` = 'keywords' LIMIT 1   [ RunTime:0.0001s ]
SQL: SELECT * FROM `sc_options` WHERE `option_name` = 'description' LIMIT 1   [ RunTime:0.0001s ]
SQL: SELECT * FROM `sc_options` WHERE `option_name` = 'title' LIMIT 1   [ RunTime:0.0001s ]
SQL: SELECT * FROM `sc_options` WHERE `option_name` = 'title' LIMIT 1   [ RunTime:0.0001s ]
NOTIC: [8] Use of undefined constant beentime - assumed 'beentime' /phpstudy/www/Application/Runtime/Cache/Admin/abb8a9f4c100b6f22c5fe7889f53ef71.php 第 113 行.
NOTIC: [8] Use of undefined constant beentime - assumed 'beentime' /phpstudy/www/Application/Runtime/Cache/Admin/abb8a9f4c100b6f22c5fe7889f53ef71.php 第 113 行.
NOTIC: [8] Use of undefined constant beentime - assumed 'beentime' /phpstudy/www/Application/Runtime/Cache/Admin/abb8a9f4c100b6f22c5fe7889f53ef71.php 第 113 行.
NOTIC: [8] Use of undefined constant beentime - assumed 'beentime' /phpstudy/www/Application/Runtime/Cache/Admin/abb8a9f4c100b6f22c5fe7889f53ef71.php 第 113 行.
NOTIC: [8] Use of undefined constant beentime - assumed 'beentime' /phpstudy/www/Application/Runtime/Cache/Admin/abb8a9f4c100b6f22c5fe7889f53ef71.php 第 113 行.
NOTIC: [8] Use of undefined constant beentime - assumed 'beentime' /phpstudy/www/Application/Runtime/Cache/Admin/abb8a9f4c100b6f22c5fe7889f53ef71.php 第 113 行.
NOTIC: [8] Use of undefined constant beentime - assumed 'beentime' /phpstudy/www/Application/Runtime/Cache/Admin/abb8a9f4c100b6f22c5fe7889f53ef71.php 第 113 行.
NOTIC: [8] Use of undefined constant beentime - assumed 'beentime' /phpstudy/www/Application/Runtime/Cache/Admin/abb8a9f4c100b6f22c5fe7889f53ef71.php 第 113 行.
NOTIC: [8] Use of undefined constant beentime - assumed 'beentime' /phpstudy/www/Application/Runtime/Cache/Admin/abb8a9f4c100b6f22c5fe7889f53ef71.php 第 113 行.
NOTIC: [8] Use of undefined constant beentime - assumed 'beentime' /phpstudy/www/Application/Runtime/Cache/Admin/abb8a9f4c100b6f22c5fe7889f53ef71.php 第 113 行.
NOTIC: [8] Use of undefined constant beentime - assumed 'beentime' /phpstudy/www/Application/Runtime/Cache/Admin/abb8a9f4c100b6f22c5fe7889f53ef71.php 第 113 行.
NOTIC: [8] Use of undefined constant beentime - assumed 'beentime' /phpstudy/www/Application/Runtime/Cache/Admin/abb8a9f4c100b6f22c5fe7889f53ef71.php 第 113 行.
NOTIC: [8] Use of undefined constant beentime - assumed 'beentime' /phpstudy/www/Application/Runtime/Cache/Admin/abb8a9f4c100b6f22c5fe7889f53ef71.php 第 113 行.
NOTIC: [8] Use of undefined constant beentime - assumed 'beentime' /phpstudy/www/Application/Runtime/Cache/Admin/abb8a9f4c100b6f22c5fe7889f53ef71.php 第 113 行.
NOTIC: [8] Use of undefined constant beentime - assumed 'beentime' /phpstudy/www/Application/Runtime/Cache/Admin/abb8a9f4c100b6f22c5fe7889f53ef71.php 第 113 行.
NOTIC: [8] Use of undefined constant beentime - assumed 'beentime' /phpstudy/www/Application/Runtime/Cache/Admin/abb8a9f4c100b6f22c5fe7889f53ef71.php 第 113 行.
NOTIC: [8] Undefined variable: page /phpstudy/www/Application/Runtime/Cache/Admin/abb8a9f4c100b6f22c5fe7889f53ef71.php 第 122 行.
INFO: Run Behavior\ParseTemplateBehavior [ RunTime:0.007951s ]
INFO: [ view_parse ] --END-- [ RunTime:0.007977s ]
INFO: [ view_filter ] --START--
INFO: Run Behavior\WriteHtmlCacheBehavior [ RunTime:0.000098s ]
INFO: [ view_filter ] --END-- [ RunTime:0.000120s ]
INFO: [ app_end ] --START--
INFO: Run Behavior\ShowPageTraceBehavior [ RunTime:0.000277s ]
INFO: [ app_end ] --END-- [ RunTime:0.000308s ]

